  [1m[35m (1.8ms)[0m  [1m[34mSELECT sqlite_version(*)[0m
  [1m[35m (1.2ms)[0m  [1m[35mCREATE TABLE "schema_migrations" ("version" varchar NOT NULL PRIMARY KEY)[0m
  [1m[35m (1.0ms)[0m  [1m[35mCREATE TABLE "ar_internal_metadata" ("key" varchar NOT NULL PRIMARY KEY, "value" varchar, "created_at" datetime(6) NOT NULL, "updated_at" datetime(6) NOT NULL)[0m
  [1m[35m (0.1ms)[0m  [1m[34mSELECT "schema_migrations"."version" FROM "schema_migrations" ORDER BY "schema_migrations"."version" ASC[0m
Migrating to CreateUsers (20191112195000)
  [1m[35m (0.1ms)[0m  [1m[36mbegin transaction[0m
  [1m[35m (0.8ms)[0m  [1m[35mCREATE TABLE "users" ("id" integer PRIMARY KEY AUTOINCREMENT NOT NULL, "username" varchar, "password_digest" varchar, "created_at" datetime(6) NOT NULL, "updated_at" datetime(6) NOT NULL)[0m
  [1m[36mprimary::SchemaMigration Create (0.2ms)[0m  [1m[32mINSERT INTO "schema_migrations" ("version") VALUES (?)[0m  [["version", "20191112195000"]]
  [1m[35m (0.7ms)[0m  [1m[36mcommit transaction[0m
  [1m[36mActiveRecord::InternalMetadata Load (0.1ms)[0m  [1m[34mSELECT "ar_internal_metadata".* FROM "ar_internal_metadata" WHERE "ar_internal_metadata"."key" = ? LIMIT ?[0m  [["key", "environment"], ["LIMIT", 1]]
  [1m[35m (0.0ms)[0m  [1m[36mbegin transaction[0m
  [1m[36mActiveRecord::InternalMetadata Create (0.3ms)[0m  [1m[32mINSERT INTO "ar_internal_metadata" ("key", "value", "created_at", "updated_at") VALUES (?, ?, ?, ?)[0m  [["key", "environment"], ["value", "development"], ["created_at", "2019-11-12 19:50:31.679877"], ["updated_at", "2019-11-12 19:50:31.679877"]]
  [1m[35m (0.6ms)[0m  [1m[36mcommit transaction[0m
  [1m[35m (0.0ms)[0m  [1m[34mSELECT sqlite_version(*)[0m
  [1m[35m (0.1ms)[0m  [1m[34mSELECT "schema_migrations"."version" FROM "schema_migrations" ORDER BY "schema_migrations"."version" ASC[0m
Started GET "/" for ::1 at 2019-11-12 14:50:38 -0500
  [1m[35m (0.4ms)[0m  [1m[34mSELECT sqlite_version(*)[0m
  [1m[35m (0.1ms)[0m  [1m[34mSELECT "schema_migrations"."version" FROM "schema_migrations" ORDER BY "schema_migrations"."version" ASC[0m
Processing by Rails::WelcomeController#index as HTML
  Rendering /Users/sdoran/.rvm/gems/ruby-2.6.1/gems/railties-6.0.1/lib/rails/templates/rails/welcome/index.html.erb
  Rendered /Users/sdoran/.rvm/gems/ruby-2.6.1/gems/railties-6.0.1/lib/rails/templates/rails/welcome/index.html.erb (Duration: 8.0ms | Allocations: 481)
Completed 200 OK in 21ms (Views: 12.7ms | ActiveRecord: 0.0ms | Allocations: 5616)


Started GET "/users/new" for ::1 at 2019-11-12 14:50:43 -0500
  
AbstractController::ActionNotFound (The action 'new' could not be found for UsersController):
  
actionpack (6.0.1) lib/abstract_controller/base.rb:131:in `process'
actionview (6.0.1) lib/action_view/rendering.rb:39:in `process'
actionpack (6.0.1) lib/action_controller/metal.rb:191:in `dispatch'
actionpack (6.0.1) lib/action_controller/metal.rb:252:in `dispatch'
actionpack (6.0.1) lib/action_dispatch/routing/route_set.rb:51:in `dispatch'
actionpack (6.0.1) lib/action_dispatch/routing/route_set.rb:33:in `serve'
actionpack (6.0.1) lib/action_dispatch/journey/router.rb:49:in `block in serve'
actionpack (6.0.1) lib/action_dispatch/journey/router.rb:32:in `each'
actionpack (6.0.1) lib/action_dispatch/journey/router.rb:32:in `serve'
actionpack (6.0.1) lib/action_dispatch/routing/route_set.rb:837:in `call'
rack (2.0.7) lib/rack/tempfile_reaper.rb:15:in `call'
rack (2.0.7) lib/rack/etag.rb:25:in `call'
rack (2.0.7) lib/rack/conditional_get.rb:25:in `call'
rack (2.0.7) lib/rack/head.rb:12:in `call'
actionpack (6.0.1) lib/action_dispatch/http/content_security_policy.rb:18:in `call'
rack (2.0.7) lib/rack/session/abstract/id.rb:232:in `context'
rack (2.0.7) lib/rack/session/abstract/id.rb:226:in `call'
actionpack (6.0.1) lib/action_dispatch/middleware/cookies.rb:648:in `call'
activerecord (6.0.1) lib/active_record/migration.rb:567:in `call'
actionpack (6.0.1) lib/action_dispatch/middleware/callbacks.rb:27:in `block in call'
activesupport (6.0.1) lib/active_support/callbacks.rb:101:in `run_callbacks'
actionpack (6.0.1) lib/action_dispatch/middleware/callbacks.rb:26:in `call'
actionpack (6.0.1) lib/action_dispatch/middleware/executor.rb:14:in `call'
actionpack (6.0.1) lib/action_dispatch/middleware/actionable_exceptions.rb:17:in `call'
actionpack (6.0.1) lib/action_dispatch/middleware/debug_exceptions.rb:32:in `call'
web-console (4.0.1) lib/web_console/middleware.rb:132:in `call_app'
web-console (4.0.1) lib/web_console/middleware.rb:28:in `block in call'
web-console (4.0.1) lib/web_console/middleware.rb:17:in `catch'
web-console (4.0.1) lib/web_console/middleware.rb:17:in `call'
actionpack (6.0.1) lib/action_dispatch/middleware/show_exceptions.rb:33:in `call'
railties (6.0.1) lib/rails/rack/logger.rb:38:in `call_app'
railties (6.0.1) lib/rails/rack/logger.rb:26:in `block in call'
activesupport (6.0.1) lib/active_support/tagged_logging.rb:80:in `block in tagged'
activesupport (6.0.1) lib/active_support/tagged_logging.rb:28:in `tagged'
activesupport (6.0.1) lib/active_support/tagged_logging.rb:80:in `tagged'
railties (6.0.1) lib/rails/rack/logger.rb:26:in `call'
sprockets-rails (3.2.1) lib/sprockets/rails/quiet_assets.rb:13:in `call'
actionpack (6.0.1) lib/action_dispatch/middleware/remote_ip.rb:81:in `call'
actionpack (6.0.1) lib/action_dispatch/middleware/request_id.rb:27:in `call'
rack (2.0.7) lib/rack/method_override.rb:22:in `call'
rack (2.0.7) lib/rack/runtime.rb:22:in `call'
activesupport (6.0.1) lib/active_support/cache/strategy/local_cache_middleware.rb:29:in `call'
actionpack (6.0.1) lib/action_dispatch/middleware/executor.rb:14:in `call'
actionpack (6.0.1) lib/action_dispatch/middleware/static.rb:126:in `call'
rack (2.0.7) lib/rack/sendfile.rb:111:in `call'
actionpack (6.0.1) lib/action_dispatch/middleware/host_authorization.rb:83:in `call'
webpacker (4.2.0) lib/webpacker/dev_server_proxy.rb:23:in `perform_request'
rack-proxy (0.6.5) lib/rack/proxy.rb:57:in `call'
railties (6.0.1) lib/rails/engine.rb:526:in `call'
puma (4.3.0) lib/puma/configuration.rb:228:in `call'
puma (4.3.0) lib/puma/server.rb:667:in `handle_request'
puma (4.3.0) lib/puma/server.rb:470:in `process_client'
puma (4.3.0) lib/puma/server.rb:328:in `block in run'
puma (4.3.0) lib/puma/thread_pool.rb:134:in `block in spawn_thread'
Started GET "/" for ::1 at 2019-11-12 14:51:10 -0500
  [1m[35m (0.1ms)[0m  [1m[34mSELECT sqlite_version(*)[0m
Processing by Rails::WelcomeController#index as HTML
  Rendering /Users/sdoran/.rvm/gems/ruby-2.6.1/gems/railties-6.0.1/lib/rails/templates/rails/welcome/index.html.erb
  Rendered /Users/sdoran/.rvm/gems/ruby-2.6.1/gems/railties-6.0.1/lib/rails/templates/rails/welcome/index.html.erb (Duration: 4.4ms | Allocations: 191)
Completed 200 OK in 9ms (Views: 5.0ms | ActiveRecord: 0.0ms | Allocations: 4788)


Started GET "/users/new" for ::1 at 2019-11-12 14:51:34 -0500
  [1m[35m (0.0ms)[0m  [1m[34mSELECT sqlite_version(*)[0m
Processing by UsersController#new as HTML
Completed 406 Not Acceptable in 15ms (ActiveRecord: 0.0ms | Allocations: 4430)


  
ActionController::MissingExactTemplate (UsersController#new is missing a template for request formats: text/html):
  
actionpack (6.0.1) lib/action_controller/metal/implicit_render.rb:45:in `default_render'
actionpack (6.0.1) lib/action_controller/metal/basic_implicit_render.rb:6:in `block in send_action'
actionpack (6.0.1) lib/action_controller/metal/basic_implicit_render.rb:6:in `tap'
actionpack (6.0.1) lib/action_controller/metal/basic_implicit_render.rb:6:in `send_action'
actionpack (6.0.1) lib/abstract_controller/base.rb:196:in `process_action'
actionpack (6.0.1) lib/action_controller/metal/rendering.rb:30:in `process_action'
actionpack (6.0.1) lib/abstract_controller/callbacks.rb:42:in `block in process_action'
activesupport (6.0.1) lib/active_support/callbacks.rb:135:in `run_callbacks'
actionpack (6.0.1) lib/abstract_controller/callbacks.rb:41:in `process_action'
actionpack (6.0.1) lib/action_controller/metal/rescue.rb:22:in `process_action'
actionpack (6.0.1) lib/action_controller/metal/instrumentation.rb:33:in `block in process_action'
activesupport (6.0.1) lib/active_support/notifications.rb:180:in `block in instrument'
activesupport (6.0.1) lib/active_support/notifications/instrumenter.rb:24:in `instrument'
activesupport (6.0.1) lib/active_support/notifications.rb:180:in `instrument'
actionpack (6.0.1) lib/action_controller/metal/instrumentation.rb:32:in `process_action'
actionpack (6.0.1) lib/action_controller/metal/params_wrapper.rb:245:in `process_action'
activerecord (6.0.1) lib/active_record/railties/controller_runtime.rb:27:in `process_action'
actionpack (6.0.1) lib/abstract_controller/base.rb:136:in `process'
actionview (6.0.1) lib/action_view/rendering.rb:39:in `process'
actionpack (6.0.1) lib/action_controller/metal.rb:191:in `dispatch'
actionpack (6.0.1) lib/action_controller/metal.rb:252:in `dispatch'
actionpack (6.0.1) lib/action_dispatch/routing/route_set.rb:51:in `dispatch'
actionpack (6.0.1) lib/action_dispatch/routing/route_set.rb:33:in `serve'
actionpack (6.0.1) lib/action_dispatch/journey/router.rb:49:in `block in serve'
actionpack (6.0.1) lib/action_dispatch/journey/router.rb:32:in `each'
actionpack (6.0.1) lib/action_dispatch/journey/router.rb:32:in `serve'
actionpack (6.0.1) lib/action_dispatch/routing/route_set.rb:837:in `call'
rack (2.0.7) lib/rack/tempfile_reaper.rb:15:in `call'
rack (2.0.7) lib/rack/etag.rb:25:in `call'
rack (2.0.7) lib/rack/conditional_get.rb:25:in `call'
rack (2.0.7) lib/rack/head.rb:12:in `call'
actionpack (6.0.1) lib/action_dispatch/http/content_security_policy.rb:18:in `call'
rack (2.0.7) lib/rack/session/abstract/id.rb:232:in `context'
rack (2.0.7) lib/rack/session/abstract/id.rb:226:in `call'
actionpack (6.0.1) lib/action_dispatch/middleware/cookies.rb:648:in `call'
activerecord (6.0.1) lib/active_record/migration.rb:567:in `call'
actionpack (6.0.1) lib/action_dispatch/middleware/callbacks.rb:27:in `block in call'
activesupport (6.0.1) lib/active_support/callbacks.rb:101:in `run_callbacks'
actionpack (6.0.1) lib/action_dispatch/middleware/callbacks.rb:26:in `call'
actionpack (6.0.1) lib/action_dispatch/middleware/executor.rb:14:in `call'
actionpack (6.0.1) lib/action_dispatch/middleware/actionable_exceptions.rb:17:in `call'
actionpack (6.0.1) lib/action_dispatch/middleware/debug_exceptions.rb:32:in `call'
web-console (4.0.1) lib/web_console/middleware.rb:132:in `call_app'
web-console (4.0.1) lib/web_console/middleware.rb:28:in `block in call'
web-console (4.0.1) lib/web_console/middleware.rb:17:in `catch'
web-console (4.0.1) lib/web_console/middleware.rb:17:in `call'
actionpack (6.0.1) lib/action_dispatch/middleware/show_exceptions.rb:33:in `call'
railties (6.0.1) lib/rails/rack/logger.rb:38:in `call_app'
railties (6.0.1) lib/rails/rack/logger.rb:26:in `block in call'
activesupport (6.0.1) lib/active_support/tagged_logging.rb:80:in `block in tagged'
activesupport (6.0.1) lib/active_support/tagged_logging.rb:28:in `tagged'
activesupport (6.0.1) lib/active_support/tagged_logging.rb:80:in `tagged'
railties (6.0.1) lib/rails/rack/logger.rb:26:in `call'
sprockets-rails (3.2.1) lib/sprockets/rails/quiet_assets.rb:13:in `call'
actionpack (6.0.1) lib/action_dispatch/middleware/remote_ip.rb:81:in `call'
actionpack (6.0.1) lib/action_dispatch/middleware/request_id.rb:27:in `call'
rack (2.0.7) lib/rack/method_override.rb:22:in `call'
rack (2.0.7) lib/rack/runtime.rb:22:in `call'
activesupport (6.0.1) lib/active_support/cache/strategy/local_cache_middleware.rb:29:in `call'
actionpack (6.0.1) lib/action_dispatch/middleware/executor.rb:14:in `call'
actionpack (6.0.1) lib/action_dispatch/middleware/static.rb:126:in `call'
rack (2.0.7) lib/rack/sendfile.rb:111:in `call'
actionpack (6.0.1) lib/action_dispatch/middleware/host_authorization.rb:83:in `call'
webpacker (4.2.0) lib/webpacker/dev_server_proxy.rb:23:in `perform_request'
rack-proxy (0.6.5) lib/rack/proxy.rb:57:in `call'
railties (6.0.1) lib/rails/engine.rb:526:in `call'
puma (4.3.0) lib/puma/configuration.rb:228:in `call'
puma (4.3.0) lib/puma/server.rb:667:in `handle_request'
puma (4.3.0) lib/puma/server.rb:470:in `process_client'
puma (4.3.0) lib/puma/server.rb:328:in `block in run'
puma (4.3.0) lib/puma/thread_pool.rb:134:in `block in spawn_thread'
Started GET "/users/new" for ::1 at 2019-11-12 14:52:22 -0500
Processing by UsersController#new as HTML
  Rendering users/new.html.erb within layouts/application
  Rendered users/new.html.erb within layouts/application (Duration: 0.4ms | Allocations: 87)
[Webpacker] Compiling...
[Webpacker] Compiled all packs in /Users/sdoran/Development/code/batches/nyc-web-100719/22-rails-auth/dog-walker/public/packs
[Webpacker] Hash: 53154d7baad00c6a1252
Version: webpack 4.41.2
Time: 1092ms
Built at: 11/12/2019 2:52:25 PM
                                     Asset       Size       Chunks                         Chunk Names
    js/application-0b67a3cc2fcde6055024.js    124 KiB  application  [emitted] [immutable]  application
js/application-0b67a3cc2fcde6055024.js.map    139 KiB  application  [emitted] [dev]        application
                             manifest.json  364 bytes               [emitted]              
Entrypoint application = js/application-0b67a3cc2fcde6055024.js js/application-0b67a3cc2fcde6055024.js.map
[./app/javascript/channels sync recursive _channel\.js$] ./app/javascript/channels sync _channel\.js$ 160 bytes {application} [built]
[./app/javascript/channels/index.js] 211 bytes {application} [built]
[./app/javascript/packs/application.js] 749 bytes {application} [built]
[./node_modules/webpack/buildin/module.js] (webpack)/buildin/module.js 552 bytes {application} [built]
    + 3 hidden modules

Completed 200 OK in 2275ms (Views: 2272.0ms | ActiveRecord: 0.0ms | Allocations: 22423)


Started GET "/users/new" for ::1 at 2019-11-12 14:54:09 -0500
  [1m[35m (0.1ms)[0m  [1m[34mSELECT sqlite_version(*)[0m
Processing by UsersController#new as HTML
  Rendering users/new.html.erb within layouts/application
  Rendered users/new.html.erb within layouts/application (Duration: 17.6ms | Allocations: 5191)
[Webpacker] Everything's up-to-date. Nothing to do
Completed 200 OK in 30ms (Views: 23.8ms | ActiveRecord: 0.5ms | Allocations: 13936)


Started GET "/users/new" for ::1 at 2019-11-12 14:54:24 -0500
Processing by UsersController#new as HTML
  Rendering users/new.html.erb within layouts/application
  Rendered users/new.html.erb within layouts/application (Duration: 3.2ms | Allocations: 1032)
[Webpacker] Everything's up-to-date. Nothing to do
Completed 200 OK in 13ms (Views: 11.0ms | ActiveRecord: 0.0ms | Allocations: 5862)


Started POST "/users" for ::1 at 2019-11-12 14:54:49 -0500
Processing by UsersController#create as HTML
  Parameters: {"authenticity_token"=>"WVcX2pMI4QgJZQcll4WSNYsG+gmyT4LPYGOhJGrns6hHCl2Ub7NuroS4iNEnjkjKL+lGgPEFM5rdHfH5/GH+Gw==", "user"=>{"username"=>"steven", "password"=>"[FILTERED]", "password_confirmation"=>"[FILTERED]"}, "commit"=>"Create an Account"}
No template found for UsersController#create, rendering head :no_content
Completed 204 No Content in 3ms (ActiveRecord: 0.0ms | Allocations: 1714)


Started GET "/users/new" for ::1 at 2019-11-12 14:59:21 -0500
  [1m[35m (0.0ms)[0m  [1m[34mSELECT sqlite_version(*)[0m
Processing by UsersController#new as HTML
  Rendering users/new.html.erb within layouts/application
  Rendered users/new.html.erb within layouts/application (Duration: 1.8ms | Allocations: 1188)
[Webpacker] Everything's up-to-date. Nothing to do
Completed 200 OK in 13ms (Views: 8.1ms | ActiveRecord: 0.5ms | Allocations: 9539)


Started POST "/users" for ::1 at 2019-11-12 14:59:29 -0500
Processing by UsersController#create as HTML
  Parameters: {"authenticity_token"=>"lh2AV/IwJr6Pvio76N0XUAI+p5cNWukpq9NkcHRfVF2IQMoZDoupGAJjpc9Y1s2vptEbHk4QWHwWrTSt4tkZ7g==", "user"=>{"username"=>"steven", "password"=>"[FILTERED]", "password_confirmation"=>"[FILTERED]"}, "commit"=>"Create an Account"}
Completed 500 Internal Server Error in 2ms (ActiveRecord: 0.0ms | Allocations: 838)


  
ActiveModel::UnknownAttributeError (unknown attribute 'password' for User.):
  
app/controllers/users_controller.rb:11:in `create'
Started POST "/users" for ::1 at 2019-11-12 15:01:57 -0500
  [1m[35m (0.0ms)[0m  [1m[34mSELECT sqlite_version(*)[0m
Processing by UsersController#create as HTML
  Parameters: {"authenticity_token"=>"lh2AV/IwJr6Pvio76N0XUAI+p5cNWukpq9NkcHRfVF2IQMoZDoupGAJjpc9Y1s2vptEbHk4QWHwWrTSt4tkZ7g==", "user"=>{"username"=>"steven", "password"=>"[FILTERED]", "password_confirmation"=>"[FILTERED]"}, "commit"=>"Create an Account"}
  [1m[35m (0.1ms)[0m  [1m[36mbegin transaction[0m
  ↳ app/controllers/users_controller.rb:13:in `create'
  [1m[36mUser Exists? (0.2ms)[0m  [1m[34mSELECT 1 AS one FROM "users" WHERE LOWER("users"."username") = LOWER(?) LIMIT ?[0m  [["username", "steven"], ["LIMIT", 1]]
  ↳ app/controllers/users_controller.rb:13:in `create'
  [1m[36mUser Create (0.3ms)[0m  [1m[32mINSERT INTO "users" ("username", "password_digest", "created_at", "updated_at") VALUES (?, ?, ?, ?)[0m  [["username", "steven"], ["password_digest", "$2a$12$lcrF3haaGNeTf15KDqkazOCBv9MbETaOGKUfLjWUE9JnvF55tUTFW"], ["created_at", "2019-11-12 20:01:57.760383"], ["updated_at", "2019-11-12 20:01:57.760383"]]
  ↳ app/controllers/users_controller.rb:13:in `create'
  [1m[35m (1.1ms)[0m  [1m[36mcommit transaction[0m
  ↳ app/controllers/users_controller.rb:13:in `create'
Redirected to http://localhost:3000/users/1
Completed 302 Found in 210ms (ActiveRecord: 2.3ms | Allocations: 8074)


Started GET "/users/1" for ::1 at 2019-11-12 15:01:57 -0500
Processing by UsersController#show as HTML
  Parameters: {"id"=>"1"}
Completed 406 Not Acceptable in 3ms (ActiveRecord: 0.0ms | Allocations: 1969)


  
ActionController::MissingExactTemplate (UsersController#show is missing a template for request formats: text/html):
  
actionpack (6.0.1) lib/action_controller/metal/implicit_render.rb:45:in `default_render'
actionpack (6.0.1) lib/action_controller/metal/basic_implicit_render.rb:6:in `block in send_action'
actionpack (6.0.1) lib/action_controller/metal/basic_implicit_render.rb:6:in `tap'
actionpack (6.0.1) lib/action_controller/metal/basic_implicit_render.rb:6:in `send_action'
actionpack (6.0.1) lib/abstract_controller/base.rb:196:in `process_action'
actionpack (6.0.1) lib/action_controller/metal/rendering.rb:30:in `process_action'
actionpack (6.0.1) lib/abstract_controller/callbacks.rb:42:in `block in process_action'
activesupport (6.0.1) lib/active_support/callbacks.rb:135:in `run_callbacks'
actionpack (6.0.1) lib/abstract_controller/callbacks.rb:41:in `process_action'
actionpack (6.0.1) lib/action_controller/metal/rescue.rb:22:in `process_action'
actionpack (6.0.1) lib/action_controller/metal/instrumentation.rb:33:in `block in process_action'
activesupport (6.0.1) lib/active_support/notifications.rb:180:in `block in instrument'
activesupport (6.0.1) lib/active_support/notifications/instrumenter.rb:24:in `instrument'
activesupport (6.0.1) lib/active_support/notifications.rb:180:in `instrument'
actionpack (6.0.1) lib/action_controller/metal/instrumentation.rb:32:in `process_action'
actionpack (6.0.1) lib/action_controller/metal/params_wrapper.rb:245:in `process_action'
activerecord (6.0.1) lib/active_record/railties/controller_runtime.rb:27:in `process_action'
actionpack (6.0.1) lib/abstract_controller/base.rb:136:in `process'
actionview (6.0.1) lib/action_view/rendering.rb:39:in `process'
actionpack (6.0.1) lib/action_controller/metal.rb:191:in `dispatch'
actionpack (6.0.1) lib/action_controller/metal.rb:252:in `dispatch'
actionpack (6.0.1) lib/action_dispatch/routing/route_set.rb:51:in `dispatch'
actionpack (6.0.1) lib/action_dispatch/routing/route_set.rb:33:in `serve'
actionpack (6.0.1) lib/action_dispatch/journey/router.rb:49:in `block in serve'
actionpack (6.0.1) lib/action_dispatch/journey/router.rb:32:in `each'
actionpack (6.0.1) lib/action_dispatch/journey/router.rb:32:in `serve'
actionpack (6.0.1) lib/action_dispatch/routing/route_set.rb:837:in `call'
rack (2.0.7) lib/rack/tempfile_reaper.rb:15:in `call'
rack (2.0.7) lib/rack/etag.rb:25:in `call'
rack (2.0.7) lib/rack/conditional_get.rb:25:in `call'
rack (2.0.7) lib/rack/head.rb:12:in `call'
actionpack (6.0.1) lib/action_dispatch/http/content_security_policy.rb:18:in `call'
rack (2.0.7) lib/rack/session/abstract/id.rb:232:in `context'
rack (2.0.7) lib/rack/session/abstract/id.rb:226:in `call'
actionpack (6.0.1) lib/action_dispatch/middleware/cookies.rb:648:in `call'
activerecord (6.0.1) lib/active_record/migration.rb:567:in `call'
actionpack (6.0.1) lib/action_dispatch/middleware/callbacks.rb:27:in `block in call'
activesupport (6.0.1) lib/active_support/callbacks.rb:101:in `run_callbacks'
actionpack (6.0.1) lib/action_dispatch/middleware/callbacks.rb:26:in `call'
actionpack (6.0.1) lib/action_dispatch/middleware/executor.rb:14:in `call'
actionpack (6.0.1) lib/action_dispatch/middleware/actionable_exceptions.rb:17:in `call'
actionpack (6.0.1) lib/action_dispatch/middleware/debug_exceptions.rb:32:in `call'
web-console (4.0.1) lib/web_console/middleware.rb:132:in `call_app'
web-console (4.0.1) lib/web_console/middleware.rb:28:in `block in call'
web-console (4.0.1) lib/web_console/middleware.rb:17:in `catch'
web-console (4.0.1) lib/web_console/middleware.rb:17:in `call'
actionpack (6.0.1) lib/action_dispatch/middleware/show_exceptions.rb:33:in `call'
railties (6.0.1) lib/rails/rack/logger.rb:38:in `call_app'
railties (6.0.1) lib/rails/rack/logger.rb:26:in `block in call'
activesupport (6.0.1) lib/active_support/tagged_logging.rb:80:in `block in tagged'
activesupport (6.0.1) lib/active_support/tagged_logging.rb:28:in `tagged'
activesupport (6.0.1) lib/active_support/tagged_logging.rb:80:in `tagged'
railties (6.0.1) lib/rails/rack/logger.rb:26:in `call'
sprockets-rails (3.2.1) lib/sprockets/rails/quiet_assets.rb:13:in `call'
actionpack (6.0.1) lib/action_dispatch/middleware/remote_ip.rb:81:in `call'
actionpack (6.0.1) lib/action_dispatch/middleware/request_id.rb:27:in `call'
rack (2.0.7) lib/rack/method_override.rb:22:in `call'
rack (2.0.7) lib/rack/runtime.rb:22:in `call'
activesupport (6.0.1) lib/active_support/cache/strategy/local_cache_middleware.rb:29:in `call'
actionpack (6.0.1) lib/action_dispatch/middleware/executor.rb:14:in `call'
actionpack (6.0.1) lib/action_dispatch/middleware/static.rb:126:in `call'
rack (2.0.7) lib/rack/sendfile.rb:111:in `call'
actionpack (6.0.1) lib/action_dispatch/middleware/host_authorization.rb:83:in `call'
webpacker (4.2.0) lib/webpacker/dev_server_proxy.rb:23:in `perform_request'
rack-proxy (0.6.5) lib/rack/proxy.rb:57:in `call'
railties (6.0.1) lib/rails/engine.rb:526:in `call'
puma (4.3.0) lib/puma/configuration.rb:228:in `call'
puma (4.3.0) lib/puma/server.rb:667:in `handle_request'
puma (4.3.0) lib/puma/server.rb:470:in `process_client'
puma (4.3.0) lib/puma/server.rb:328:in `block in run'
puma (4.3.0) lib/puma/thread_pool.rb:134:in `block in spawn_thread'
Started GET "/users/1" for ::1 at 2019-11-12 15:05:17 -0500
  [1m[35m (0.1ms)[0m  [1m[34mSELECT sqlite_version(*)[0m
Processing by UsersController#show as HTML
  Parameters: {"id"=>"1"}
  [1m[36mUser Load (0.2ms)[0m  [1m[34mSELECT "users".* FROM "users" WHERE "users"."id" = ? LIMIT ?[0m  [["id", 1], ["LIMIT", 1]]
  ↳ app/controllers/users_controller.rb:7:in `show'
  Rendering users/show.html.erb within layouts/application
  Rendered users/show.html.erb within layouts/application (Duration: 0.3ms | Allocations: 109)
[Webpacker] Everything's up-to-date. Nothing to do
Completed 200 OK in 13ms (Views: 6.4ms | ActiveRecord: 0.7ms | Allocations: 9368)


Started GET "/users/new" for ::1 at 2019-11-12 15:05:22 -0500
Processing by UsersController#new as HTML
  Rendering users/new.html.erb within layouts/application
  Rendered users/new.html.erb within layouts/application (Duration: 2.3ms | Allocations: 1175)
[Webpacker] Everything's up-to-date. Nothing to do
Completed 200 OK in 11ms (Views: 9.6ms | ActiveRecord: 0.0ms | Allocations: 5215)


Started POST "/users" for ::1 at 2019-11-12 15:05:30 -0500
Processing by UsersController#create as HTML
  Parameters: {"authenticity_token"=>"95srX093FzJfhQZ/9qn42NLjnxPQpGGTG99a17h+R9zpxmERs8yYlNJYiYtGoiIndgwjmpPu0MamoQoKLvgKbw==", "user"=>{"username"=>"steven", "password"=>"[FILTERED]", "password_confirmation"=>"[FILTERED]"}, "commit"=>"Create an Account"}
  [1m[35m (0.1ms)[0m  [1m[36mbegin transaction[0m
  ↳ app/controllers/users_controller.rb:13:in `create'
  [1m[36mUser Exists? (0.1ms)[0m  [1m[34mSELECT 1 AS one FROM "users" WHERE LOWER("users"."username") = LOWER(?) LIMIT ?[0m  [["username", "steven"], ["LIMIT", 1]]
  ↳ app/controllers/users_controller.rb:13:in `create'
  [1m[35m (0.0ms)[0m  [1m[31mrollback transaction[0m
  ↳ app/controllers/users_controller.rb:13:in `create'
Redirected to http://localhost:3000/users/new
Completed 302 Found in 202ms (ActiveRecord: 0.3ms | Allocations: 3800)


Started GET "/users/new" for ::1 at 2019-11-12 15:05:31 -0500
Processing by UsersController#new as HTML
  Rendering users/new.html.erb within layouts/application
  Rendered users/new.html.erb within layouts/application (Duration: 1.0ms | Allocations: 805)
[Webpacker] Everything's up-to-date. Nothing to do
Completed 200 OK in 6ms (Views: 5.4ms | ActiveRecord: 0.0ms | Allocations: 4722)


Started POST "/users" for ::1 at 2019-11-12 15:05:43 -0500
Processing by UsersController#create as HTML
  Parameters: {"authenticity_token"=>"k3nhO3m2J94wGjUQpGV9DiPswN8D3zYEkAKHr6kShLSNJKt1hQ2oeL3HuuQUbqfxhwN8VkCVh1EtfNdyP5TJBw==", "user"=>{"username"=>"ken", "password"=>"[FILTERED]", "password_confirmation"=>"[FILTERED]"}, "commit"=>"Create an Account"}
  [1m[35m (0.1ms)[0m  [1m[36mbegin transaction[0m
  ↳ app/controllers/users_controller.rb:13:in `create'
  [1m[36mUser Exists? (0.3ms)[0m  [1m[34mSELECT 1 AS one FROM "users" WHERE LOWER("users"."username") = LOWER(?) LIMIT ?[0m  [["username", "ken"], ["LIMIT", 1]]
  ↳ app/controllers/users_controller.rb:13:in `create'
  [1m[35m (0.1ms)[0m  [1m[31mrollback transaction[0m
  ↳ app/controllers/users_controller.rb:13:in `create'
Redirected to http://localhost:3000/users/new
Completed 302 Found in 203ms (ActiveRecord: 0.4ms | Allocations: 3777)


Started GET "/users/new" for ::1 at 2019-11-12 15:05:43 -0500
Processing by UsersController#new as HTML
  Rendering users/new.html.erb within layouts/application
  Rendered users/new.html.erb within layouts/application (Duration: 1.1ms | Allocations: 804)
[Webpacker] Everything's up-to-date. Nothing to do
Completed 200 OK in 7ms (Views: 6.6ms | ActiveRecord: 0.0ms | Allocations: 4728)


Started POST "/users" for ::1 at 2019-11-12 15:06:33 -0500
Processing by UsersController#create as HTML
  Parameters: {"authenticity_token"=>"6iZb0WPAviXhQfP3U1at1aWY6mwnZjo0MqQtaHGlYJf0exGfn3sxg2ycfAPjXXcqAXdW5WQsi2GP2n215yMtJA==", "user"=>{"username"=>"ken", "password"=>"[FILTERED]", "password_confirmation"=>"[FILTERED]"}, "commit"=>"Create an Account"}
  [1m[35m (0.1ms)[0m  [1m[36mbegin transaction[0m
  ↳ app/controllers/users_controller.rb:13:in `create'
  [1m[36mUser Exists? (0.2ms)[0m  [1m[34mSELECT 1 AS one FROM "users" WHERE LOWER("users"."username") = LOWER(?) LIMIT ?[0m  [["username", "ken"], ["LIMIT", 1]]
  ↳ app/controllers/users_controller.rb:13:in `create'
  [1m[35m (0.0ms)[0m  [1m[31mrollback transaction[0m
  ↳ app/controllers/users_controller.rb:13:in `create'
Redirected to http://localhost:3000/users/new
Completed 302 Found in 210ms (ActiveRecord: 0.3ms | Allocations: 4199)


Started GET "/users/new" for ::1 at 2019-11-12 15:06:33 -0500
Processing by UsersController#new as HTML
  Rendering users/new.html.erb within layouts/application
  Rendered users/new.html.erb within layouts/application (Duration: 0.8ms | Allocations: 806)
[Webpacker] Everything's up-to-date. Nothing to do
Completed 200 OK in 6ms (Views: 5.9ms | ActiveRecord: 0.0ms | Allocations: 4719)


Started POST "/users" for ::1 at 2019-11-12 15:07:06 -0500
Processing by UsersController#create as HTML
  Parameters: {"authenticity_token"=>"P6f43Iv9Rwb0L8UT2zUt/8iSlSAOFNUwASiuAukHejMh+rKSd0bIoHnySudrPvcAbH0pqU1eZGW8Vv7ff4E3gA==", "user"=>{"username"=>"ken", "password"=>"[FILTERED]", "password_confirmation"=>"[FILTERED]"}, "commit"=>"Create an Account"}
  [1m[35m (0.1ms)[0m  [1m[36mbegin transaction[0m
  ↳ app/controllers/users_controller.rb:13:in `create'
  [1m[36mUser Exists? (0.1ms)[0m  [1m[34mSELECT 1 AS one FROM "users" WHERE LOWER("users"."username") = LOWER(?) LIMIT ?[0m  [["username", "ken"], ["LIMIT", 1]]
  ↳ app/controllers/users_controller.rb:13:in `create'
  [1m[36mUser Create (0.2ms)[0m  [1m[32mINSERT INTO "users" ("username", "password_digest", "created_at", "updated_at") VALUES (?, ?, ?, ?)[0m  [["username", "ken"], ["password_digest", "$2a$12$KVJ20va5w4JvJfdUnRGkauLFFcetmxdR1AW4MH6qM4Ckv1jLDMcay"], ["created_at", "2019-11-12 20:07:06.721848"], ["updated_at", "2019-11-12 20:07:06.721848"]]
  ↳ app/controllers/users_controller.rb:13:in `create'
  [1m[35m (1.3ms)[0m  [1m[36mcommit transaction[0m
  ↳ app/controllers/users_controller.rb:13:in `create'
Redirected to http://localhost:3000/users/2
Completed 302 Found in 206ms (ActiveRecord: 1.7ms | Allocations: 3524)


Started GET "/users/2" for ::1 at 2019-11-12 15:07:06 -0500
Processing by UsersController#show as HTML
  Parameters: {"id"=>"2"}
  [1m[36mUser Load (0.1ms)[0m  [1m[34mSELECT "users".* FROM "users" WHERE "users"."id" = ? LIMIT ?[0m  [["id", 2], ["LIMIT", 1]]
  ↳ app/controllers/users_controller.rb:7:in `show'
  Rendering users/show.html.erb within layouts/application
  Rendered users/show.html.erb within layouts/application (Duration: 0.0ms | Allocations: 7)
[Webpacker] Everything's up-to-date. Nothing to do
Completed 200 OK in 6ms (Views: 5.3ms | ActiveRecord: 0.1ms | Allocations: 4392)


Started GET "/users/new" for ::1 at 2019-11-12 15:09:57 -0500
  [1m[35m (0.0ms)[0m  [1m[34mSELECT sqlite_version(*)[0m
Processing by UsersController#new as HTML
  Rendering users/new.html.erb within layouts/application
  Rendered users/new.html.erb within layouts/application (Duration: 1.0ms | Allocations: 863)
[Webpacker] Everything's up-to-date. Nothing to do
Completed 200 OK in 12ms (Views: 7.2ms | ActiveRecord: 0.5ms | Allocations: 8669)


Started POST "/users" for ::1 at 2019-11-12 15:10:07 -0500
Processing by UsersController#create as HTML
  Parameters: {"authenticity_token"=>"TRfB7dY90G1BOi9ondanbPwOYK/10BixZQt4h9KRQ/1TSoujKoZfy8znoJwt3X2TWOHcJraaqeTYdShaRBcOTg==", "user"=>{"username"=>"bailey", "password"=>"[FILTERED]", "password_confirmation"=>"[FILTERED]"}, "commit"=>"Create an Account"}
  [1m[35m (0.1ms)[0m  [1m[36mbegin transaction[0m
  ↳ app/controllers/users_controller.rb:13:in `create'
  [1m[36mUser Exists? (0.1ms)[0m  [1m[34mSELECT 1 AS one FROM "users" WHERE LOWER("users"."username") = LOWER(?) LIMIT ?[0m  [["username", "bailey"], ["LIMIT", 1]]
  ↳ app/controllers/users_controller.rb:13:in `create'
  [1m[36mUser Create (0.3ms)[0m  [1m[32mINSERT INTO "users" ("username", "password_digest", "created_at", "updated_at") VALUES (?, ?, ?, ?)[0m  [["username", "bailey"], ["password_digest", "$2a$12$eT/AI9oclrRDPBYrISfOv.GL3NRqhl4ZQb3oKwd9ftTFgSrl7iv.G"], ["created_at", "2019-11-12 20:10:07.741518"], ["updated_at", "2019-11-12 20:10:07.741518"]]
  ↳ app/controllers/users_controller.rb:13:in `create'
  [1m[35m (1.0ms)[0m  [1m[36mcommit transaction[0m
  ↳ app/controllers/users_controller.rb:13:in `create'
Redirected to http://localhost:3000/login
Completed 302 Found in 204ms (ActiveRecord: 1.4ms | Allocations: 3654)


Started GET "/login" for ::1 at 2019-11-12 15:10:07 -0500
  
ActionController::RoutingError (uninitialized constant SessionsController):
  
activesupport (6.0.1) lib/active_support/inflector/methods.rb:282:in `const_get'
activesupport (6.0.1) lib/active_support/inflector/methods.rb:282:in `block in constantize'
activesupport (6.0.1) lib/active_support/inflector/methods.rb:280:in `each'
activesupport (6.0.1) lib/active_support/inflector/methods.rb:280:in `inject'
activesupport (6.0.1) lib/active_support/inflector/methods.rb:280:in `constantize'
activesupport (6.0.1) lib/active_support/dependencies/zeitwerk_integration.rb:19:in `constantize'
actionpack (6.0.1) lib/action_dispatch/http/request.rb:88:in `controller_class_for'
actionpack (6.0.1) lib/action_dispatch/http/request.rb:81:in `controller_class'
actionpack (6.0.1) lib/action_dispatch/routing/route_set.rb:45:in `controller'
actionpack (6.0.1) lib/action_dispatch/routing/route_set.rb:31:in `serve'
actionpack (6.0.1) lib/action_dispatch/journey/router.rb:49:in `block in serve'
actionpack (6.0.1) lib/action_dispatch/journey/router.rb:32:in `each'
actionpack (6.0.1) lib/action_dispatch/journey/router.rb:32:in `serve'
actionpack (6.0.1) lib/action_dispatch/routing/route_set.rb:837:in `call'
rack (2.0.7) lib/rack/tempfile_reaper.rb:15:in `call'
rack (2.0.7) lib/rack/etag.rb:25:in `call'
rack (2.0.7) lib/rack/conditional_get.rb:25:in `call'
rack (2.0.7) lib/rack/head.rb:12:in `call'
actionpack (6.0.1) lib/action_dispatch/http/content_security_policy.rb:18:in `call'
rack (2.0.7) lib/rack/session/abstract/id.rb:232:in `context'
rack (2.0.7) lib/rack/session/abstract/id.rb:226:in `call'
actionpack (6.0.1) lib/action_dispatch/middleware/cookies.rb:648:in `call'
activerecord (6.0.1) lib/active_record/migration.rb:567:in `call'
actionpack (6.0.1) lib/action_dispatch/middleware/callbacks.rb:27:in `block in call'
activesupport (6.0.1) lib/active_support/callbacks.rb:101:in `run_callbacks'
actionpack (6.0.1) lib/action_dispatch/middleware/callbacks.rb:26:in `call'
actionpack (6.0.1) lib/action_dispatch/middleware/executor.rb:14:in `call'
actionpack (6.0.1) lib/action_dispatch/middleware/actionable_exceptions.rb:17:in `call'
actionpack (6.0.1) lib/action_dispatch/middleware/debug_exceptions.rb:32:in `call'
web-console (4.0.1) lib/web_console/middleware.rb:132:in `call_app'
web-console (4.0.1) lib/web_console/middleware.rb:28:in `block in call'
web-console (4.0.1) lib/web_console/middleware.rb:17:in `catch'
web-console (4.0.1) lib/web_console/middleware.rb:17:in `call'
actionpack (6.0.1) lib/action_dispatch/middleware/show_exceptions.rb:33:in `call'
railties (6.0.1) lib/rails/rack/logger.rb:38:in `call_app'
railties (6.0.1) lib/rails/rack/logger.rb:26:in `block in call'
activesupport (6.0.1) lib/active_support/tagged_logging.rb:80:in `block in tagged'
activesupport (6.0.1) lib/active_support/tagged_logging.rb:28:in `tagged'
activesupport (6.0.1) lib/active_support/tagged_logging.rb:80:in `tagged'
railties (6.0.1) lib/rails/rack/logger.rb:26:in `call'
sprockets-rails (3.2.1) lib/sprockets/rails/quiet_assets.rb:13:in `call'
actionpack (6.0.1) lib/action_dispatch/middleware/remote_ip.rb:81:in `call'
actionpack (6.0.1) lib/action_dispatch/middleware/request_id.rb:27:in `call'
rack (2.0.7) lib/rack/method_override.rb:22:in `call'
rack (2.0.7) lib/rack/runtime.rb:22:in `call'
activesupport (6.0.1) lib/active_support/cache/strategy/local_cache_middleware.rb:29:in `call'
actionpack (6.0.1) lib/action_dispatch/middleware/executor.rb:14:in `call'
actionpack (6.0.1) lib/action_dispatch/middleware/static.rb:126:in `call'
rack (2.0.7) lib/rack/sendfile.rb:111:in `call'
actionpack (6.0.1) lib/action_dispatch/middleware/host_authorization.rb:83:in `call'
webpacker (4.2.0) lib/webpacker/dev_server_proxy.rb:23:in `perform_request'
rack-proxy (0.6.5) lib/rack/proxy.rb:57:in `call'
railties (6.0.1) lib/rails/engine.rb:526:in `call'
puma (4.3.0) lib/puma/configuration.rb:228:in `call'
puma (4.3.0) lib/puma/server.rb:667:in `handle_request'
puma (4.3.0) lib/puma/server.rb:470:in `process_client'
puma (4.3.0) lib/puma/server.rb:328:in `block in run'
puma (4.3.0) lib/puma/thread_pool.rb:134:in `block in spawn_thread'
Started GET "/login" for ::1 at 2019-11-12 15:10:25 -0500
  [1m[35m (0.1ms)[0m  [1m[34mSELECT sqlite_version(*)[0m
  
AbstractController::ActionNotFound (The action 'new' could not be found for SessionsController):
  
actionpack (6.0.1) lib/abstract_controller/base.rb:131:in `process'
actionview (6.0.1) lib/action_view/rendering.rb:39:in `process'
actionpack (6.0.1) lib/action_controller/metal.rb:191:in `dispatch'
actionpack (6.0.1) lib/action_controller/metal.rb:252:in `dispatch'
actionpack (6.0.1) lib/action_dispatch/routing/route_set.rb:51:in `dispatch'
actionpack (6.0.1) lib/action_dispatch/routing/route_set.rb:33:in `serve'
actionpack (6.0.1) lib/action_dispatch/journey/router.rb:49:in `block in serve'
actionpack (6.0.1) lib/action_dispatch/journey/router.rb:32:in `each'
actionpack (6.0.1) lib/action_dispatch/journey/router.rb:32:in `serve'
actionpack (6.0.1) lib/action_dispatch/routing/route_set.rb:837:in `call'
rack (2.0.7) lib/rack/tempfile_reaper.rb:15:in `call'
rack (2.0.7) lib/rack/etag.rb:25:in `call'
rack (2.0.7) lib/rack/conditional_get.rb:25:in `call'
rack (2.0.7) lib/rack/head.rb:12:in `call'
actionpack (6.0.1) lib/action_dispatch/http/content_security_policy.rb:18:in `call'
rack (2.0.7) lib/rack/session/abstract/id.rb:232:in `context'
rack (2.0.7) lib/rack/session/abstract/id.rb:226:in `call'
actionpack (6.0.1) lib/action_dispatch/middleware/cookies.rb:648:in `call'
activerecord (6.0.1) lib/active_record/migration.rb:567:in `call'
actionpack (6.0.1) lib/action_dispatch/middleware/callbacks.rb:27:in `block in call'
activesupport (6.0.1) lib/active_support/callbacks.rb:101:in `run_callbacks'
actionpack (6.0.1) lib/action_dispatch/middleware/callbacks.rb:26:in `call'
actionpack (6.0.1) lib/action_dispatch/middleware/executor.rb:14:in `call'
actionpack (6.0.1) lib/action_dispatch/middleware/actionable_exceptions.rb:17:in `call'
actionpack (6.0.1) lib/action_dispatch/middleware/debug_exceptions.rb:32:in `call'
web-console (4.0.1) lib/web_console/middleware.rb:132:in `call_app'
web-console (4.0.1) lib/web_console/middleware.rb:28:in `block in call'
web-console (4.0.1) lib/web_console/middleware.rb:17:in `catch'
web-console (4.0.1) lib/web_console/middleware.rb:17:in `call'
actionpack (6.0.1) lib/action_dispatch/middleware/show_exceptions.rb:33:in `call'
railties (6.0.1) lib/rails/rack/logger.rb:38:in `call_app'
railties (6.0.1) lib/rails/rack/logger.rb:26:in `block in call'
activesupport (6.0.1) lib/active_support/tagged_logging.rb:80:in `block in tagged'
activesupport (6.0.1) lib/active_support/tagged_logging.rb:28:in `tagged'
activesupport (6.0.1) lib/active_support/tagged_logging.rb:80:in `tagged'
railties (6.0.1) lib/rails/rack/logger.rb:26:in `call'
sprockets-rails (3.2.1) lib/sprockets/rails/quiet_assets.rb:13:in `call'
actionpack (6.0.1) lib/action_dispatch/middleware/remote_ip.rb:81:in `call'
actionpack (6.0.1) lib/action_dispatch/middleware/request_id.rb:27:in `call'
rack (2.0.7) lib/rack/method_override.rb:22:in `call'
rack (2.0.7) lib/rack/runtime.rb:22:in `call'
activesupport (6.0.1) lib/active_support/cache/strategy/local_cache_middleware.rb:29:in `call'
actionpack (6.0.1) lib/action_dispatch/middleware/executor.rb:14:in `call'
actionpack (6.0.1) lib/action_dispatch/middleware/static.rb:126:in `call'
rack (2.0.7) lib/rack/sendfile.rb:111:in `call'
actionpack (6.0.1) lib/action_dispatch/middleware/host_authorization.rb:83:in `call'
webpacker (4.2.0) lib/webpacker/dev_server_proxy.rb:23:in `perform_request'
rack-proxy (0.6.5) lib/rack/proxy.rb:57:in `call'
railties (6.0.1) lib/rails/engine.rb:526:in `call'
puma (4.3.0) lib/puma/configuration.rb:228:in `call'
puma (4.3.0) lib/puma/server.rb:667:in `handle_request'
puma (4.3.0) lib/puma/server.rb:470:in `process_client'
puma (4.3.0) lib/puma/server.rb:328:in `block in run'
puma (4.3.0) lib/puma/thread_pool.rb:134:in `block in spawn_thread'
Started GET "/login" for ::1 at 2019-11-12 15:10:34 -0500
  [1m[35m (0.1ms)[0m  [1m[34mSELECT sqlite_version(*)[0m
Processing by SessionsController#new as HTML
Completed 406 Not Acceptable in 2ms (ActiveRecord: 0.0ms | Allocations: 1926)


  
ActionController::MissingExactTemplate (SessionsController#new is missing a template for request formats: text/html):
  
actionpack (6.0.1) lib/action_controller/metal/implicit_render.rb:45:in `default_render'
actionpack (6.0.1) lib/action_controller/metal/basic_implicit_render.rb:6:in `block in send_action'
actionpack (6.0.1) lib/action_controller/metal/basic_implicit_render.rb:6:in `tap'
actionpack (6.0.1) lib/action_controller/metal/basic_implicit_render.rb:6:in `send_action'
actionpack (6.0.1) lib/abstract_controller/base.rb:196:in `process_action'
actionpack (6.0.1) lib/action_controller/metal/rendering.rb:30:in `process_action'
actionpack (6.0.1) lib/abstract_controller/callbacks.rb:42:in `block in process_action'
activesupport (6.0.1) lib/active_support/callbacks.rb:135:in `run_callbacks'
actionpack (6.0.1) lib/abstract_controller/callbacks.rb:41:in `process_action'
actionpack (6.0.1) lib/action_controller/metal/rescue.rb:22:in `process_action'
actionpack (6.0.1) lib/action_controller/metal/instrumentation.rb:33:in `block in process_action'
activesupport (6.0.1) lib/active_support/notifications.rb:180:in `block in instrument'
activesupport (6.0.1) lib/active_support/notifications/instrumenter.rb:24:in `instrument'
activesupport (6.0.1) lib/active_support/notifications.rb:180:in `instrument'
actionpack (6.0.1) lib/action_controller/metal/instrumentation.rb:32:in `process_action'
actionpack (6.0.1) lib/action_controller/metal/params_wrapper.rb:245:in `process_action'
activerecord (6.0.1) lib/active_record/railties/controller_runtime.rb:27:in `process_action'
actionpack (6.0.1) lib/abstract_controller/base.rb:136:in `process'
actionview (6.0.1) lib/action_view/rendering.rb:39:in `process'
actionpack (6.0.1) lib/action_controller/metal.rb:191:in `dispatch'
actionpack (6.0.1) lib/action_controller/metal.rb:252:in `dispatch'
actionpack (6.0.1) lib/action_dispatch/routing/route_set.rb:51:in `dispatch'
actionpack (6.0.1) lib/action_dispatch/routing/route_set.rb:33:in `serve'
actionpack (6.0.1) lib/action_dispatch/journey/router.rb:49:in `block in serve'
actionpack (6.0.1) lib/action_dispatch/journey/router.rb:32:in `each'
actionpack (6.0.1) lib/action_dispatch/journey/router.rb:32:in `serve'
actionpack (6.0.1) lib/action_dispatch/routing/route_set.rb:837:in `call'
rack (2.0.7) lib/rack/tempfile_reaper.rb:15:in `call'
rack (2.0.7) lib/rack/etag.rb:25:in `call'
rack (2.0.7) lib/rack/conditional_get.rb:25:in `call'
rack (2.0.7) lib/rack/head.rb:12:in `call'
actionpack (6.0.1) lib/action_dispatch/http/content_security_policy.rb:18:in `call'
rack (2.0.7) lib/rack/session/abstract/id.rb:232:in `context'
rack (2.0.7) lib/rack/session/abstract/id.rb:226:in `call'
actionpack (6.0.1) lib/action_dispatch/middleware/cookies.rb:648:in `call'
activerecord (6.0.1) lib/active_record/migration.rb:567:in `call'
actionpack (6.0.1) lib/action_dispatch/middleware/callbacks.rb:27:in `block in call'
activesupport (6.0.1) lib/active_support/callbacks.rb:101:in `run_callbacks'
actionpack (6.0.1) lib/action_dispatch/middleware/callbacks.rb:26:in `call'
actionpack (6.0.1) lib/action_dispatch/middleware/executor.rb:14:in `call'
actionpack (6.0.1) lib/action_dispatch/middleware/actionable_exceptions.rb:17:in `call'
actionpack (6.0.1) lib/action_dispatch/middleware/debug_exceptions.rb:32:in `call'
web-console (4.0.1) lib/web_console/middleware.rb:132:in `call_app'
web-console (4.0.1) lib/web_console/middleware.rb:28:in `block in call'
web-console (4.0.1) lib/web_console/middleware.rb:17:in `catch'
web-console (4.0.1) lib/web_console/middleware.rb:17:in `call'
actionpack (6.0.1) lib/action_dispatch/middleware/show_exceptions.rb:33:in `call'
railties (6.0.1) lib/rails/rack/logger.rb:38:in `call_app'
railties (6.0.1) lib/rails/rack/logger.rb:26:in `block in call'
activesupport (6.0.1) lib/active_support/tagged_logging.rb:80:in `block in tagged'
activesupport (6.0.1) lib/active_support/tagged_logging.rb:28:in `tagged'
activesupport (6.0.1) lib/active_support/tagged_logging.rb:80:in `tagged'
railties (6.0.1) lib/rails/rack/logger.rb:26:in `call'
sprockets-rails (3.2.1) lib/sprockets/rails/quiet_assets.rb:13:in `call'
actionpack (6.0.1) lib/action_dispatch/middleware/remote_ip.rb:81:in `call'
actionpack (6.0.1) lib/action_dispatch/middleware/request_id.rb:27:in `call'
rack (2.0.7) lib/rack/method_override.rb:22:in `call'
rack (2.0.7) lib/rack/runtime.rb:22:in `call'
activesupport (6.0.1) lib/active_support/cache/strategy/local_cache_middleware.rb:29:in `call'
actionpack (6.0.1) lib/action_dispatch/middleware/executor.rb:14:in `call'
actionpack (6.0.1) lib/action_dispatch/middleware/static.rb:126:in `call'
rack (2.0.7) lib/rack/sendfile.rb:111:in `call'
actionpack (6.0.1) lib/action_dispatch/middleware/host_authorization.rb:83:in `call'
webpacker (4.2.0) lib/webpacker/dev_server_proxy.rb:23:in `perform_request'
rack-proxy (0.6.5) lib/rack/proxy.rb:57:in `call'
railties (6.0.1) lib/rails/engine.rb:526:in `call'
puma (4.3.0) lib/puma/configuration.rb:228:in `call'
puma (4.3.0) lib/puma/server.rb:667:in `handle_request'
puma (4.3.0) lib/puma/server.rb:470:in `process_client'
puma (4.3.0) lib/puma/server.rb:328:in `block in run'
puma (4.3.0) lib/puma/thread_pool.rb:134:in `block in spawn_thread'
Started GET "/login" for ::1 at 2019-11-12 15:13:55 -0500
  [1m[35m (0.0ms)[0m  [1m[34mSELECT sqlite_version(*)[0m
Processing by SessionsController#new as HTML
  Rendering sessions/new.html.erb within layouts/application
  Rendered sessions/new.html.erb within layouts/application (Duration: 0.9ms | Allocations: 508)
[Webpacker] Everything's up-to-date. Nothing to do
Completed 200 OK in 9ms (Views: 7.8ms | ActiveRecord: 0.0ms | Allocations: 5293)


Started GET "/login" for ::1 at 2019-11-12 15:13:57 -0500
Processing by SessionsController#new as HTML
  Rendering sessions/new.html.erb within layouts/application
  Rendered sessions/new.html.erb within layouts/application (Duration: 0.9ms | Allocations: 289)
[Webpacker] Everything's up-to-date. Nothing to do
Completed 200 OK in 9ms (Views: 8.3ms | ActiveRecord: 0.0ms | Allocations: 4172)


Started GET "/login" for ::1 at 2019-11-12 15:14:04 -0500
Processing by SessionsController#new as HTML
  Rendering sessions/new.html.erb within layouts/application
  Rendered sessions/new.html.erb within layouts/application (Duration: 1.3ms | Allocations: 493)
[Webpacker] Everything's up-to-date. Nothing to do
Completed 200 OK in 12ms (Views: 10.7ms | ActiveRecord: 0.0ms | Allocations: 5304)


Started POST "/sessions" for ::1 at 2019-11-12 15:20:47 -0500
  [1m[35m (0.0ms)[0m  [1m[34mSELECT sqlite_version(*)[0m
Processing by SessionsController#create as HTML
  Parameters: {"authenticity_token"=>"hnHuWJ1NOAgnPUA2aoUJynnaNBuxFh5kDXPx1bLBS8uYLKQWYfa3rqrgz8LajtM13TWIkvJcrzGwDaEIJEcGeA==", "username"=>"ken", "password"=>"[FILTERED]", "commit"=>"Sign In"}
  [1m[36mUser Load (0.1ms)[0m  [1m[34mSELECT "users".* FROM "users" WHERE "users"."username" = ? LIMIT ?[0m  [["username", "ken"], ["LIMIT", 1]]
  ↳ app/controllers/sessions_controller.rb:6:in `create'
Redirected to http://localhost:3000/login
Completed 302 Found in 205ms (ActiveRecord: 0.6ms | Allocations: 4881)


Started GET "/login" for ::1 at 2019-11-12 15:20:47 -0500
Processing by SessionsController#new as HTML
  Rendering sessions/new.html.erb within layouts/application
  Rendered sessions/new.html.erb within layouts/application (Duration: 0.7ms | Allocations: 596)
[Webpacker] Everything's up-to-date. Nothing to do
Completed 200 OK in 8ms (Views: 7.2ms | ActiveRecord: 0.0ms | Allocations: 5438)


Started POST "/sessions" for ::1 at 2019-11-12 15:22:37 -0500
  [1m[35m (0.0ms)[0m  [1m[34mSELECT sqlite_version(*)[0m
Processing by SessionsController#create as HTML
  Parameters: {"authenticity_token"=>"cnHqCelbSU1CymRfmP7oCJ+5U6F+95UuHais3fUPHi1sLKBHFeDG688X66so9TL3O1bvKD29JHug1vwAY4lTng==", "username"=>"ken", "password"=>"[FILTERED]", "commit"=>"Sign In"}
  [1m[36mUser Load (0.1ms)[0m  [1m[34mSELECT "users".* FROM "users" WHERE "users"."username" = ? LIMIT ?[0m  [["username", "ken"], ["LIMIT", 1]]
  ↳ app/controllers/sessions_controller.rb:6:in `create'
Redirected to http://localhost:3000/login
Completed 302 Found in 202ms (ActiveRecord: 0.6ms | Allocations: 4820)


Started GET "/login" for ::1 at 2019-11-12 15:22:37 -0500
Processing by SessionsController#new as HTML
  Rendering sessions/new.html.erb within layouts/application
  Rendered sessions/new.html.erb within layouts/application (Duration: 0.7ms | Allocations: 593)
[Webpacker] Everything's up-to-date. Nothing to do
Completed 200 OK in 14ms (Views: 13.8ms | ActiveRecord: 0.0ms | Allocations: 5418)


Started POST "/sessions" for ::1 at 2019-11-12 15:23:16 -0500
Processing by SessionsController#create as HTML
  Parameters: {"authenticity_token"=>"PU3JiO24FFD0kgKNF1maA1FsB8soGRa+5w88kH7uua4jEIPGEQOb9nlPjXmnUkD89YO7QmtTp+tacWxN6Gj0HQ==", "username"=>"steven", "password"=>"[FILTERED]", "commit"=>"Sign In"}
  [1m[36mUser Load (0.3ms)[0m  [1m[34mSELECT "users".* FROM "users" WHERE "users"."username" = ? LIMIT ?[0m  [["username", "steven"], ["LIMIT", 1]]
  ↳ app/controllers/sessions_controller.rb:6:in `create'
Redirected to http://localhost:3000/users/1
Completed 302 Found in 202ms (ActiveRecord: 0.3ms | Allocations: 903)


Started GET "/users/1" for ::1 at 2019-11-12 15:23:16 -0500
Processing by UsersController#show as HTML
  Parameters: {"id"=>"1"}
  [1m[36mUser Load (0.1ms)[0m  [1m[34mSELECT "users".* FROM "users" WHERE "users"."id" = ? LIMIT ?[0m  [["id", 1], ["LIMIT", 1]]
  ↳ app/controllers/users_controller.rb:7:in `show'
  Rendering users/show.html.erb within layouts/application
  Rendered users/show.html.erb within layouts/application (Duration: 0.3ms | Allocations: 105)
[Webpacker] Everything's up-to-date. Nothing to do
Completed 200 OK in 8ms (Views: 6.0ms | ActiveRecord: 0.1ms | Allocations: 5159)


  [1m[35m (0.4ms)[0m  [1m[34mSELECT sqlite_version(*)[0m
  [1m[36mUser Load (0.1ms)[0m  [1m[34mSELECT "users".* FROM "users" ORDER BY "users"."id" ASC LIMIT ?[0m  [["LIMIT", 1]]
  [1m[36mUser Load (0.2ms)[0m  [1m[34mSELECT "users".* FROM "users" ORDER BY "users"."id" ASC LIMIT ?[0m  [["LIMIT", 1]]
  [1m[36mUser Load (0.3ms)[0m  [1m[34mSELECT "users".* FROM "users" ORDER BY "users"."id" ASC LIMIT ?[0m  [["LIMIT", 1]]
  [1m[36mUser Load (0.3ms)[0m  [1m[34mSELECT "users".* FROM "users" ORDER BY "users"."id" ASC LIMIT ?[0m  [["LIMIT", 1]]
  [1m[35m (0.3ms)[0m  [1m[34mSELECT sqlite_version(*)[0m
  [1m[35m (0.1ms)[0m  [1m[34mSELECT "schema_migrations"."version" FROM "schema_migrations" ORDER BY "schema_migrations"."version" ASC[0m
  [1m[35m (0.7ms)[0m  [1m[34mSELECT sqlite_version(*)[0m
  [1m[35m (0.1ms)[0m  [1m[34mSELECT "schema_migrations"."version" FROM "schema_migrations" ORDER BY "schema_migrations"."version" ASC[0m
Migrating to CreateDogs (20191112203047)
  [1m[35m (0.1ms)[0m  [1m[36mbegin transaction[0m
  [1m[35m (0.7ms)[0m  [1m[35mCREATE TABLE "dogs" ("id" integer PRIMARY KEY AUTOINCREMENT NOT NULL, "name" varchar, "user_id" integer NOT NULL, "created_at" datetime(6) NOT NULL, "updated_at" datetime(6) NOT NULL, CONSTRAINT "fk_rails_fc8e05177d"
FOREIGN KEY ("user_id")
  REFERENCES "users" ("id")
)[0m
  [1m[35m (0.1ms)[0m  [1m[35mCREATE  INDEX "index_dogs_on_user_id" ON "dogs" ("user_id")[0m
  [1m[36mprimary::SchemaMigration Create (0.1ms)[0m  [1m[32mINSERT INTO "schema_migrations" ("version") VALUES (?)[0m  [["version", "20191112203047"]]
  [1m[35m (0.7ms)[0m  [1m[36mcommit transaction[0m
  [1m[36mActiveRecord::InternalMetadata Load (0.1ms)[0m  [1m[34mSELECT "ar_internal_metadata".* FROM "ar_internal_metadata" WHERE "ar_internal_metadata"."key" = ? LIMIT ?[0m  [["key", "environment"], ["LIMIT", 1]]
  [1m[35m (0.0ms)[0m  [1m[34mSELECT sqlite_version(*)[0m
  [1m[35m (0.1ms)[0m  [1m[34mSELECT "schema_migrations"."version" FROM "schema_migrations" ORDER BY "schema_migrations"."version" ASC[0m
  [1m[35m (0.4ms)[0m  [1m[34mSELECT sqlite_version(*)[0m
  [1m[35m (0.1ms)[0m  [1m[34mSELECT "schema_migrations"."version" FROM "schema_migrations" ORDER BY "schema_migrations"."version" ASC[0m
  [1m[35m (0.1ms)[0m  [1m[34mSELECT sqlite_version(*)[0m
  [1m[36mUser Load (0.1ms)[0m  [1m[34mSELECT "users".* FROM "users"[0m
  [1m[35m (0.1ms)[0m  [1m[36mbegin transaction[0m
  [1m[36mUser Destroy (0.4ms)[0m  [1m[31mDELETE FROM "users" WHERE "users"."id" = ?[0m  [["id", 1]]
  [1m[35m (0.7ms)[0m  [1m[36mcommit transaction[0m
  [1m[35m (0.0ms)[0m  [1m[36mbegin transaction[0m
  [1m[36mUser Destroy (0.2ms)[0m  [1m[31mDELETE FROM "users" WHERE "users"."id" = ?[0m  [["id", 2]]
  [1m[35m (0.5ms)[0m  [1m[36mcommit transaction[0m
  [1m[35m (0.1ms)[0m  [1m[36mbegin transaction[0m
  [1m[36mUser Destroy (0.2ms)[0m  [1m[31mDELETE FROM "users" WHERE "users"."id" = ?[0m  [["id", 3]]
  [1m[35m (0.5ms)[0m  [1m[36mcommit transaction[0m
  [1m[36mDog Load (0.1ms)[0m  [1m[34mSELECT "dogs".* FROM "dogs"[0m
  [1m[35m (0.0ms)[0m  [1m[36mbegin transaction[0m
  [1m[36mUser Exists? (0.1ms)[0m  [1m[34mSELECT 1 AS one FROM "users" WHERE LOWER("users"."username") = LOWER(?) LIMIT ?[0m  [["username", "Steven"], ["LIMIT", 1]]
  [1m[36mUser Create (0.3ms)[0m  [1m[32mINSERT INTO "users" ("username", "password_digest", "created_at", "updated_at") VALUES (?, ?, ?, ?)[0m  [["username", "Steven"], ["password_digest", "$2a$12$EKH0bZxQ3bKwbtdtY5f/tewlskmaPH20.XqN8eZAYShHVFUL/oruq"], ["created_at", "2019-11-12 20:33:31.714199"], ["updated_at", "2019-11-12 20:33:31.714199"]]
  [1m[35m (0.9ms)[0m  [1m[36mcommit transaction[0m
  [1m[35m (0.0ms)[0m  [1m[36mbegin transaction[0m
  [1m[36mUser Exists? (0.1ms)[0m  [1m[34mSELECT 1 AS one FROM "users" WHERE LOWER("users"."username") = LOWER(?) LIMIT ?[0m  [["username", "Ken"], ["LIMIT", 1]]
  [1m[36mUser Create (0.4ms)[0m  [1m[32mINSERT INTO "users" ("username", "password_digest", "created_at", "updated_at") VALUES (?, ?, ?, ?)[0m  [["username", "Ken"], ["password_digest", "$2a$12$gtFRmqXsMyRnN9gGec/o5eIMZw.yF/dpRrm0rv4ap4OwodWT02Rpq"], ["created_at", "2019-11-12 20:33:31.912375"], ["updated_at", "2019-11-12 20:33:31.912375"]]
  [1m[35m (1.0ms)[0m  [1m[36mcommit transaction[0m
  [1m[35m (0.5ms)[0m  [1m[34mSELECT sqlite_version(*)[0m
  [1m[35m (0.1ms)[0m  [1m[34mSELECT "schema_migrations"."version" FROM "schema_migrations" ORDER BY "schema_migrations"."version" ASC[0m
  [1m[35m (0.0ms)[0m  [1m[34mSELECT sqlite_version(*)[0m
  [1m[36mUser Load (0.1ms)[0m  [1m[34mSELECT "users".* FROM "users"[0m
  [1m[35m (0.1ms)[0m  [1m[36mbegin transaction[0m
  [1m[36mUser Destroy (0.3ms)[0m  [1m[31mDELETE FROM "users" WHERE "users"."id" = ?[0m  [["id", 4]]
  [1m[35m (0.5ms)[0m  [1m[36mcommit transaction[0m
  [1m[35m (0.0ms)[0m  [1m[36mbegin transaction[0m
  [1m[36mUser Destroy (0.3ms)[0m  [1m[31mDELETE FROM "users" WHERE "users"."id" = ?[0m  [["id", 5]]
  [1m[35m (0.5ms)[0m  [1m[36mcommit transaction[0m
  [1m[36mDog Load (0.1ms)[0m  [1m[34mSELECT "dogs".* FROM "dogs"[0m
  [1m[35m (0.0ms)[0m  [1m[36mbegin transaction[0m
  [1m[36mUser Exists? (0.3ms)[0m  [1m[34mSELECT 1 AS one FROM "users" WHERE LOWER("users"."username") = LOWER(?) LIMIT ?[0m  [["username", "Steven"], ["LIMIT", 1]]
  [1m[36mUser Create (0.3ms)[0m  [1m[32mINSERT INTO "users" ("username", "password_digest", "created_at", "updated_at") VALUES (?, ?, ?, ?)[0m  [["username", "Steven"], ["password_digest", "$2a$12$gGK6myMAL2GZN0LK3CafruaPI.W93AqZCnrSKMvjR/oyNY1GkU52q"], ["created_at", "2019-11-12 20:33:57.034476"], ["updated_at", "2019-11-12 20:33:57.034476"]]
  [1m[35m (1.4ms)[0m  [1m[36mcommit transaction[0m
  [1m[35m (0.1ms)[0m  [1m[36mbegin transaction[0m
  [1m[36mUser Exists? (0.1ms)[0m  [1m[34mSELECT 1 AS one FROM "users" WHERE LOWER("users"."username") = LOWER(?) LIMIT ?[0m  [["username", "Ken"], ["LIMIT", 1]]
  [1m[36mUser Create (0.2ms)[0m  [1m[32mINSERT INTO "users" ("username", "password_digest", "created_at", "updated_at") VALUES (?, ?, ?, ?)[0m  [["username", "Ken"], ["password_digest", "$2a$12$H9MZR3gsHzuKtACNuL43SuQYuZ84aB/nueTmV6BaUUX.3Hta6w7Ya"], ["created_at", "2019-11-12 20:33:57.237218"], ["updated_at", "2019-11-12 20:33:57.237218"]]
  [1m[35m (1.3ms)[0m  [1m[36mcommit transaction[0m
  [1m[35m (0.0ms)[0m  [1m[36mbegin transaction[0m
  [1m[36mDog Create (0.6ms)[0m  [1m[32mINSERT INTO "dogs" ("name", "user_id", "created_at", "updated_at") VALUES (?, ?, ?, ?)[0m  [["name", "Bowser"], ["user_id", 6], ["created_at", "2019-11-12 20:33:57.278596"], ["updated_at", "2019-11-12 20:33:57.278596"]]
  [1m[35m (0.7ms)[0m  [1m[36mcommit transaction[0m
  [1m[35m (0.0ms)[0m  [1m[36mbegin transaction[0m
  [1m[36mDog Create (0.4ms)[0m  [1m[32mINSERT INTO "dogs" ("name", "user_id", "created_at", "updated_at") VALUES (?, ?, ?, ?)[0m  [["name", "TooToo"], ["user_id", 6], ["created_at", "2019-11-12 20:33:57.282681"], ["updated_at", "2019-11-12 20:33:57.282681"]]
  [1m[35m (0.5ms)[0m  [1m[36mcommit transaction[0m
  [1m[35m (0.0ms)[0m  [1m[36mbegin transaction[0m
  [1m[36mDog Create (0.3ms)[0m  [1m[32mINSERT INTO "dogs" ("name", "user_id", "created_at", "updated_at") VALUES (?, ?, ?, ?)[0m  [["name", "L'Ambeau"], ["user_id", 7], ["created_at", "2019-11-12 20:33:57.286026"], ["updated_at", "2019-11-12 20:33:57.286026"]]
  [1m[35m (0.6ms)[0m  [1m[36mcommit transaction[0m
  [1m[35m (0.0ms)[0m  [1m[36mbegin transaction[0m
  [1m[36mDog Create (0.2ms)[0m  [1m[32mINSERT INTO "dogs" ("name", "user_id", "created_at", "updated_at") VALUES (?, ?, ?, ?)[0m  [["name", "Henry"], ["user_id", 7], ["created_at", "2019-11-12 20:33:57.289199"], ["updated_at", "2019-11-12 20:33:57.289199"]]
  [1m[35m (0.6ms)[0m  [1m[36mcommit transaction[0m
Started GET "/dogs" for ::1 at 2019-11-12 15:35:10 -0500
  [1m[35m (0.0ms)[0m  [1m[34mSELECT sqlite_version(*)[0m
  [1m[35m (0.1ms)[0m  [1m[34mSELECT "schema_migrations"."version" FROM "schema_migrations" ORDER BY "schema_migrations"."version" ASC[0m
Processing by DogsController#index as HTML
  Rendering dogs/index.html.erb within layouts/application
  [1m[36mDog Load (0.1ms)[0m  [1m[34mSELECT "dogs".* FROM "dogs"[0m
  ↳ app/views/dogs/index.html.erb:4
  Rendered dogs/index.html.erb within layouts/application (Duration: 5.0ms | Allocations: 4021)
[Webpacker] Everything's up-to-date. Nothing to do
Completed 200 OK in 32ms (Views: 29.1ms | ActiveRecord: 0.6ms | Allocations: 18183)


Started GET "/dogs" for ::1 at 2019-11-12 15:35:46 -0500
Processing by DogsController#index as HTML
  Rendering dogs/index.html.erb within layouts/application
  [1m[36mDog Load (0.3ms)[0m  [1m[34mSELECT "dogs".* FROM "dogs"[0m
  ↳ app/views/dogs/index.html.erb:4
  [1m[36mUser Load (0.2ms)[0m  [1m[34mSELECT "users".* FROM "users" WHERE "users"."id" = ? LIMIT ?[0m  [["id", 6], ["LIMIT", 1]]
  ↳ app/views/dogs/index.html.erb:5
  [1m[36mCACHE User Load (0.0ms)[0m  [1m[34mSELECT "users".* FROM "users" WHERE "users"."id" = ? LIMIT ?[0m  [["id", 6], ["LIMIT", 1]]
  ↳ app/views/dogs/index.html.erb:5
  [1m[36mUser Load (0.2ms)[0m  [1m[34mSELECT "users".* FROM "users" WHERE "users"."id" = ? LIMIT ?[0m  [["id", 7], ["LIMIT", 1]]
  ↳ app/views/dogs/index.html.erb:5
  [1m[36mCACHE User Load (0.0ms)[0m  [1m[34mSELECT "users".* FROM "users" WHERE "users"."id" = ? LIMIT ?[0m  [["id", 7], ["LIMIT", 1]]
  ↳ app/views/dogs/index.html.erb:5
  Rendered dogs/index.html.erb within layouts/application (Duration: 20.7ms | Allocations: 11414)
[Webpacker] Everything's up-to-date. Nothing to do
Completed 200 OK in 31ms (Views: 28.3ms | ActiveRecord: 0.7ms | Allocations: 16227)


Started GET "/dogs" for ::1 at 2019-11-12 15:41:16 -0500
Processing by DogsController#index as HTML
  Rendering dogs/index.html.erb within layouts/application
  [1m[36mDog Load (0.1ms)[0m  [1m[34mSELECT "dogs".* FROM "dogs"[0m
  ↳ app/views/dogs/index.html.erb:4
  [1m[36mUser Load (0.2ms)[0m  [1m[34mSELECT "users".* FROM "users" WHERE "users"."id" = ? LIMIT ?[0m  [["id", 6], ["LIMIT", 1]]
  ↳ app/views/dogs/index.html.erb:5
  [1m[36mCACHE User Load (0.0ms)[0m  [1m[34mSELECT "users".* FROM "users" WHERE "users"."id" = ? LIMIT ?[0m  [["id", 6], ["LIMIT", 1]]
  ↳ app/views/dogs/index.html.erb:5
  [1m[36mUser Load (0.1ms)[0m  [1m[34mSELECT "users".* FROM "users" WHERE "users"."id" = ? LIMIT ?[0m  [["id", 7], ["LIMIT", 1]]
  ↳ app/views/dogs/index.html.erb:5
  [1m[36mCACHE User Load (0.0ms)[0m  [1m[34mSELECT "users".* FROM "users" WHERE "users"."id" = ? LIMIT ?[0m  [["id", 7], ["LIMIT", 1]]
  ↳ app/views/dogs/index.html.erb:5
  Rendered dogs/index.html.erb within layouts/application (Duration: 5.0ms | Allocations: 3210)
[Webpacker] Everything's up-to-date. Nothing to do
Completed 200 OK in 13ms (Views: 12.3ms | ActiveRecord: 0.4ms | Allocations: 7069)


Started GET "/dogs" for ::1 at 2019-11-12 15:44:35 -0500
  [1m[35m (0.0ms)[0m  [1m[34mSELECT sqlite_version(*)[0m
Processing by DogsController#index as HTML
  Rendering dogs/index.html.erb within layouts/application
  [1m[36mDog Load (0.2ms)[0m  [1m[34mSELECT "dogs".* FROM "dogs"[0m
  ↳ app/views/dogs/index.html.erb:4
  [1m[36mUser Load (0.1ms)[0m  [1m[34mSELECT "users".* FROM "users" WHERE "users"."id" = ? LIMIT ?[0m  [["id", 6], ["LIMIT", 1]]
  ↳ app/views/dogs/index.html.erb:5
  [1m[36mCACHE User Load (0.0ms)[0m  [1m[34mSELECT "users".* FROM "users" WHERE "users"."id" = ? LIMIT ?[0m  [["id", 6], ["LIMIT", 1]]
  ↳ app/views/dogs/index.html.erb:5
  [1m[36mUser Load (0.1ms)[0m  [1m[34mSELECT "users".* FROM "users" WHERE "users"."id" = ? LIMIT ?[0m  [["id", 7], ["LIMIT", 1]]
  ↳ app/views/dogs/index.html.erb:5
  [1m[36mCACHE User Load (0.0ms)[0m  [1m[34mSELECT "users".* FROM "users" WHERE "users"."id" = ? LIMIT ?[0m  [["id", 7], ["LIMIT", 1]]
  ↳ app/views/dogs/index.html.erb:5
  Rendered dogs/index.html.erb within layouts/application (Duration: 14.2ms | Allocations: 11102)
[Webpacker] Everything's up-to-date. Nothing to do
Completed 200 OK in 21ms (Views: 17.5ms | ActiveRecord: 1.4ms | Allocations: 15673)


Started GET "/dogs" for ::1 at 2019-11-12 15:44:44 -0500
Processing by DogsController#index as HTML
  Rendering dogs/index.html.erb within layouts/application
  [1m[36mDog Load (0.2ms)[0m  [1m[34mSELECT "dogs".* FROM "dogs"[0m
  ↳ app/views/dogs/index.html.erb:4
  [1m[36mUser Load (0.1ms)[0m  [1m[34mSELECT "users".* FROM "users" WHERE "users"."id" = ? LIMIT ?[0m  [["id", 6], ["LIMIT", 1]]
  ↳ app/views/dogs/index.html.erb:5
  [1m[36mCACHE User Load (0.0ms)[0m  [1m[34mSELECT "users".* FROM "users" WHERE "users"."id" = ? LIMIT ?[0m  [["id", 6], ["LIMIT", 1]]
  ↳ app/views/dogs/index.html.erb:5
  [1m[36mUser Load (0.1ms)[0m  [1m[34mSELECT "users".* FROM "users" WHERE "users"."id" = ? LIMIT ?[0m  [["id", 7], ["LIMIT", 1]]
  ↳ app/views/dogs/index.html.erb:5
  [1m[36mCACHE User Load (0.1ms)[0m  [1m[34mSELECT "users".* FROM "users" WHERE "users"."id" = ? LIMIT ?[0m  [["id", 7], ["LIMIT", 1]]
  ↳ app/views/dogs/index.html.erb:5
  Rendered dogs/index.html.erb within layouts/application (Duration: 16.2ms | Allocations: 3212)
[Webpacker] Everything's up-to-date. Nothing to do
Completed 200 OK in 23ms (Views: 22.0ms | ActiveRecord: 0.6ms | Allocations: 7159)


Started GET "/dogs" for ::1 at 2019-11-12 15:44:50 -0500
  [1m[35m (0.1ms)[0m  [1m[34mSELECT sqlite_version(*)[0m
Processing by DogsController#index as HTML
  Rendering dogs/index.html.erb within layouts/application
  [1m[36mDog Load (0.2ms)[0m  [1m[34mSELECT "dogs".* FROM "dogs"[0m
  ↳ app/views/dogs/index.html.erb:4
  [1m[36mUser Load (0.1ms)[0m  [1m[34mSELECT "users".* FROM "users" WHERE "users"."id" = ? LIMIT ?[0m  [["id", 6], ["LIMIT", 1]]
  ↳ app/views/dogs/index.html.erb:5
  [1m[36mCACHE User Load (0.0ms)[0m  [1m[34mSELECT "users".* FROM "users" WHERE "users"."id" = ? LIMIT ?[0m  [["id", 6], ["LIMIT", 1]]
  ↳ app/views/dogs/index.html.erb:5
  [1m[36mUser Load (0.1ms)[0m  [1m[34mSELECT "users".* FROM "users" WHERE "users"."id" = ? LIMIT ?[0m  [["id", 7], ["LIMIT", 1]]
  ↳ app/views/dogs/index.html.erb:5
  [1m[36mCACHE User Load (0.0ms)[0m  [1m[34mSELECT "users".* FROM "users" WHERE "users"."id" = ? LIMIT ?[0m  [["id", 7], ["LIMIT", 1]]
  ↳ app/views/dogs/index.html.erb:5
  Rendered dogs/index.html.erb within layouts/application (Duration: 34.7ms | Allocations: 11085)
[Webpacker] Everything's up-to-date. Nothing to do
Completed 200 OK in 10799ms (Views: 43.8ms | ActiveRecord: 1.5ms | Allocations: 63308)


Started GET "/login" for ::1 at 2019-11-12 15:45:06 -0500
Processing by SessionsController#new as HTML
  Rendering sessions/new.html.erb within layouts/application
  Rendered sessions/new.html.erb within layouts/application (Duration: 2.5ms | Allocations: 594)
[Webpacker] Everything's up-to-date. Nothing to do
Completed 200 OK in 25ms (Views: 24.3ms | ActiveRecord: 0.0ms | Allocations: 5067)


Started POST "/sessions" for ::1 at 2019-11-12 15:45:13 -0500
Processing by SessionsController#create as HTML
  Parameters: {"authenticity_token"=>"goYPehC9hdJfsXivj4x5C6Nm3CTSrwymYWerleo3hWHj1qXdrm+YsUFHfByT98HahcHd4NHhp0+fhts/PbgGDg==", "username"=>"ken", "password"=>"[FILTERED]", "commit"=>"Sign In"}
  [1m[36mUser Load (0.3ms)[0m  [1m[34mSELECT "users".* FROM "users" WHERE "users"."username" = ? LIMIT ?[0m  [["username", "ken"], ["LIMIT", 1]]
  ↳ app/controllers/sessions_controller.rb:6:in `create'
Redirected to http://localhost:3000/login
Completed 302 Found in 3ms (ActiveRecord: 0.3ms | Allocations: 952)


Started GET "/login" for ::1 at 2019-11-12 15:45:13 -0500
Processing by SessionsController#new as HTML
  Rendering sessions/new.html.erb within layouts/application
  Rendered sessions/new.html.erb within layouts/application (Duration: 0.4ms | Allocations: 302)
[Webpacker] Everything's up-to-date. Nothing to do
Completed 200 OK in 7ms (Views: 6.6ms | ActiveRecord: 0.0ms | Allocations: 4250)


Started POST "/sessions" for ::1 at 2019-11-12 15:45:22 -0500
Processing by SessionsController#create as HTML
  Parameters: {"authenticity_token"=>"TmawCOvAncqiWK+yuRY3wlqRK9bBXKnm7Uvn+fargLMvNhqvVRKAqbyuqwGlbY8TfDYqEsISAg8TqpdTISQD3A==", "username"=>"ken", "password"=>"[FILTERED]", "commit"=>"Sign In"}
  [1m[36mUser Load (0.2ms)[0m  [1m[34mSELECT "users".* FROM "users" WHERE "users"."username" = ? LIMIT ?[0m  [["username", "ken"], ["LIMIT", 1]]
  ↳ app/controllers/sessions_controller.rb:6:in `create'
Redirected to http://localhost:3000/login
Completed 302 Found in 3ms (ActiveRecord: 0.2ms | Allocations: 838)


Started GET "/login" for ::1 at 2019-11-12 15:45:22 -0500
Processing by SessionsController#new as HTML
  Rendering sessions/new.html.erb within layouts/application
  Rendered sessions/new.html.erb within layouts/application (Duration: 0.8ms | Allocations: 302)
[Webpacker] Everything's up-to-date. Nothing to do
Completed 200 OK in 7ms (Views: 6.3ms | ActiveRecord: 0.0ms | Allocations: 4247)


Started POST "/sessions" for ::1 at 2019-11-12 15:45:27 -0500
Processing by SessionsController#create as HTML
  Parameters: {"authenticity_token"=>"lT0nj+Gzplo3kTgjlxkskfGtrWeSSwBlRB+Lym6bLWD0bY0oX2G7OSlnPJCLYpRA1wqso5EFq4y6/vtguRSuDw==", "username"=>"steven", "password"=>"[FILTERED]", "commit"=>"Sign In"}
  [1m[36mUser Load (0.1ms)[0m  [1m[34mSELECT "users".* FROM "users" WHERE "users"."username" = ? LIMIT ?[0m  [["username", "steven"], ["LIMIT", 1]]
  ↳ app/controllers/sessions_controller.rb:6:in `create'
Redirected to http://localhost:3000/login
Completed 302 Found in 2ms (ActiveRecord: 0.1ms | Allocations: 836)


Started GET "/login" for ::1 at 2019-11-12 15:45:27 -0500
Processing by SessionsController#new as HTML
  Rendering sessions/new.html.erb within layouts/application
  Rendered sessions/new.html.erb within layouts/application (Duration: 0.4ms | Allocations: 302)
[Webpacker] Everything's up-to-date. Nothing to do
Completed 200 OK in 7ms (Views: 6.2ms | ActiveRecord: 0.0ms | Allocations: 4240)


Started GET "/login" for ::1 at 2019-11-12 15:45:31 -0500
Processing by SessionsController#new as HTML
  Rendering sessions/new.html.erb within layouts/application
  Rendered sessions/new.html.erb within layouts/application (Duration: 0.8ms | Allocations: 297)
[Webpacker] Everything's up-to-date. Nothing to do
Completed 200 OK in 10ms (Views: 9.5ms | ActiveRecord: 0.0ms | Allocations: 4225)


Started POST "/sessions" for ::1 at 2019-11-12 15:45:42 -0500
Processing by SessionsController#create as HTML
  Parameters: {"authenticity_token"=>"nKZ1p+S6KjtOmQ1rGKjyhUIxf/Q6stmZTOJPs/FkuID99t8AWmg3WFBvCdgE00pUZJZ+MDn8cnCyAz8ZJus77w==", "username"=>"Steven", "password"=>"[FILTERED]", "commit"=>"Sign In"}
  [1m[36mUser Load (0.2ms)[0m  [1m[34mSELECT "users".* FROM "users" WHERE "users"."username" = ? LIMIT ?[0m  [["username", "Steven"], ["LIMIT", 1]]
  ↳ app/controllers/sessions_controller.rb:6:in `create'
Redirected to http://localhost:3000/users/6
Completed 302 Found in 200ms (ActiveRecord: 0.2ms | Allocations: 876)


Started GET "/users/6" for ::1 at 2019-11-12 15:45:42 -0500
Processing by UsersController#show as HTML
  Parameters: {"id"=>"6"}
  [1m[36mUser Load (0.2ms)[0m  [1m[34mSELECT "users".* FROM "users" WHERE "users"."id" = ? LIMIT ?[0m  [["id", 6], ["LIMIT", 1]]
  ↳ app/controllers/users_controller.rb:7:in `show'
  Rendering users/show.html.erb within layouts/application
  Rendered users/show.html.erb within layouts/application (Duration: 0.3ms | Allocations: 108)
[Webpacker] Everything's up-to-date. Nothing to do
Completed 200 OK in 8ms (Views: 5.8ms | ActiveRecord: 0.2ms | Allocations: 5186)


Started GET "/dogs" for ::1 at 2019-11-12 15:45:51 -0500
Processing by DogsController#index as HTML
  [1m[36mUser Load (0.2ms)[0m  [1m[34mSELECT "users".* FROM "users" WHERE "users"."id" = ? LIMIT ?[0m  [["id", 6], ["LIMIT", 1]]
  ↳ app/controllers/dogs_controller.rb:5:in `index'
  Rendering dogs/index.html.erb within layouts/application
  [1m[36mDog Load (0.2ms)[0m  [1m[34mSELECT "dogs".* FROM "dogs" WHERE "dogs"."user_id" = ?[0m  [["user_id", 6]]
  ↳ app/views/dogs/index.html.erb:4
  Rendered dogs/index.html.erb within layouts/application (Duration: 2.1ms | Allocations: 855)
[Webpacker] Everything's up-to-date. Nothing to do
Completed 200 OK in 10483ms (Views: 8.4ms | ActiveRecord: 0.4ms | Allocations: 8234)


Started GET "/dogs" for ::1 at 2019-11-12 15:46:09 -0500
  [1m[35m (0.0ms)[0m  [1m[34mSELECT sqlite_version(*)[0m
Processing by DogsController#index as HTML
  [1m[36mUser Load (0.1ms)[0m  [1m[34mSELECT "users".* FROM "users" WHERE "users"."id" = ? LIMIT ?[0m  [["id", 6], ["LIMIT", 1]]
  ↳ app/controllers/dogs_controller.rb:4:in `index'
  Rendering dogs/index.html.erb within layouts/application
  [1m[36mDog Load (0.1ms)[0m  [1m[34mSELECT "dogs".* FROM "dogs" WHERE "dogs"."user_id" = ?[0m  [["user_id", 6]]
  ↳ app/views/dogs/index.html.erb:4
  Rendered dogs/index.html.erb within layouts/application (Duration: 5.1ms | Allocations: 4439)
[Webpacker] Everything's up-to-date. Nothing to do
Completed 200 OK in 19ms (Views: 9.9ms | ActiveRecord: 1.1ms | Allocations: 14176)


Started GET "/dogs" for ::1 at 2019-11-12 15:48:53 -0500
  [1m[35m (0.0ms)[0m  [1m[34mSELECT sqlite_version(*)[0m
Processing by DogsController#index as HTML
  [1m[36mUser Load (0.1ms)[0m  [1m[34mSELECT "users".* FROM "users" WHERE "users"."id" = ? LIMIT ?[0m  [["id", 6], ["LIMIT", 1]]
  ↳ app/controllers/dogs_controller.rb:14:in `current_user'
  [1m[36mCACHE User Load (0.0ms)[0m  [1m[34mSELECT "users".* FROM "users" WHERE "users"."id" = ? LIMIT ?[0m  [["id", 6], ["LIMIT", 1]]
  ↳ app/controllers/dogs_controller.rb:14:in `current_user'
  Rendering dogs/index.html.erb within layouts/application
  [1m[36mDog Load (0.1ms)[0m  [1m[34mSELECT "dogs".* FROM "dogs" WHERE "dogs"."user_id" = ?[0m  [["user_id", 6]]
  ↳ app/views/dogs/index.html.erb:4
  Rendered dogs/index.html.erb within layouts/application (Duration: 5.5ms | Allocations: 4439)
[Webpacker] Everything's up-to-date. Nothing to do
Completed 200 OK in 21ms (Views: 11.5ms | ActiveRecord: 1.0ms | Allocations: 14601)


Started GET "/dogs" for ::1 at 2019-11-12 15:48:55 -0500
Processing by DogsController#index as HTML
  [1m[36mUser Load (0.2ms)[0m  [1m[34mSELECT "users".* FROM "users" WHERE "users"."id" = ? LIMIT ?[0m  [["id", 6], ["LIMIT", 1]]
  ↳ app/controllers/dogs_controller.rb:14:in `current_user'
  [1m[36mCACHE User Load (0.0ms)[0m  [1m[34mSELECT "users".* FROM "users" WHERE "users"."id" = ? LIMIT ?[0m  [["id", 6], ["LIMIT", 1]]
  ↳ app/controllers/dogs_controller.rb:14:in `current_user'
  Rendering dogs/index.html.erb within layouts/application
  [1m[36mDog Load (0.1ms)[0m  [1m[34mSELECT "dogs".* FROM "dogs" WHERE "dogs"."user_id" = ?[0m  [["user_id", 6]]
  ↳ app/views/dogs/index.html.erb:4
  Rendered dogs/index.html.erb within layouts/application (Duration: 2.0ms | Allocations: 685)
[Webpacker] Everything's up-to-date. Nothing to do
Completed 200 OK in 12ms (Views: 8.8ms | ActiveRecord: 0.4ms | Allocations: 5571)


Started GET "/dogs" for ::1 at 2019-11-12 15:49:00 -0500
Processing by DogsController#index as HTML
  Rendering dogs/index.html.erb within layouts/application
  [1m[36mDog Load (0.3ms)[0m  [1m[34mSELECT "dogs".* FROM "dogs"[0m
  ↳ app/views/dogs/index.html.erb:4
  [1m[36mUser Load (0.1ms)[0m  [1m[34mSELECT "users".* FROM "users" WHERE "users"."id" = ? LIMIT ?[0m  [["id", 6], ["LIMIT", 1]]
  ↳ app/views/dogs/index.html.erb:5
  [1m[36mCACHE User Load (0.0ms)[0m  [1m[34mSELECT "users".* FROM "users" WHERE "users"."id" = ? LIMIT ?[0m  [["id", 6], ["LIMIT", 1]]
  ↳ app/views/dogs/index.html.erb:5
  [1m[36mUser Load (0.1ms)[0m  [1m[34mSELECT "users".* FROM "users" WHERE "users"."id" = ? LIMIT ?[0m  [["id", 7], ["LIMIT", 1]]
  ↳ app/views/dogs/index.html.erb:5
  [1m[36mCACHE User Load (0.0ms)[0m  [1m[34mSELECT "users".* FROM "users" WHERE "users"."id" = ? LIMIT ?[0m  [["id", 7], ["LIMIT", 1]]
  ↳ app/views/dogs/index.html.erb:5
  Rendered dogs/index.html.erb within layouts/application (Duration: 7.7ms | Allocations: 3376)
[Webpacker] Everything's up-to-date. Nothing to do
Completed 200 OK in 23ms (Views: 22.2ms | ActiveRecord: 0.6ms | Allocations: 7240)


Started GET "/dogs" for ::1 at 2019-11-12 15:50:03 -0500
  [1m[35m (0.0ms)[0m  [1m[34mSELECT sqlite_version(*)[0m
Processing by DogsController#index as HTML
  Rendering dogs/index.html.erb within layouts/application
  [1m[36mDog Load (0.1ms)[0m  [1m[34mSELECT "dogs".* FROM "dogs"[0m
  ↳ app/views/dogs/index.html.erb:4
  [1m[36mUser Load (0.2ms)[0m  [1m[34mSELECT "users".* FROM "users" WHERE "users"."id" = ? LIMIT ?[0m  [["id", 6], ["LIMIT", 1]]
  ↳ app/views/dogs/index.html.erb:5
  [1m[36mCACHE User Load (0.0ms)[0m  [1m[34mSELECT "users".* FROM "users" WHERE "users"."id" = ? LIMIT ?[0m  [["id", 6], ["LIMIT", 1]]
  ↳ app/views/dogs/index.html.erb:5
  [1m[36mUser Load (0.1ms)[0m  [1m[34mSELECT "users".* FROM "users" WHERE "users"."id" = ? LIMIT ?[0m  [["id", 7], ["LIMIT", 1]]
  ↳ app/views/dogs/index.html.erb:5
  [1m[36mCACHE User Load (0.0ms)[0m  [1m[34mSELECT "users".* FROM "users" WHERE "users"."id" = ? LIMIT ?[0m  [["id", 7], ["LIMIT", 1]]
  ↳ app/views/dogs/index.html.erb:5
  Rendered dogs/index.html.erb within layouts/application (Duration: 14.8ms | Allocations: 11102)
[Webpacker] Everything's up-to-date. Nothing to do
Completed 200 OK in 22ms (Views: 18.7ms | ActiveRecord: 1.5ms | Allocations: 15668)


Started GET "/dogs" for ::1 at 2019-11-12 15:50:04 -0500
Processing by DogsController#index as HTML
  Rendering dogs/index.html.erb within layouts/application
  [1m[36mDog Load (0.1ms)[0m  [1m[34mSELECT "dogs".* FROM "dogs"[0m
  ↳ app/views/dogs/index.html.erb:4
  [1m[36mUser Load (0.1ms)[0m  [1m[34mSELECT "users".* FROM "users" WHERE "users"."id" = ? LIMIT ?[0m  [["id", 6], ["LIMIT", 1]]
  ↳ app/views/dogs/index.html.erb:5
  [1m[36mCACHE User Load (0.0ms)[0m  [1m[34mSELECT "users".* FROM "users" WHERE "users"."id" = ? LIMIT ?[0m  [["id", 6], ["LIMIT", 1]]
  ↳ app/views/dogs/index.html.erb:5
  [1m[36mUser Load (0.1ms)[0m  [1m[34mSELECT "users".* FROM "users" WHERE "users"."id" = ? LIMIT ?[0m  [["id", 7], ["LIMIT", 1]]
  ↳ app/views/dogs/index.html.erb:5
  [1m[36mCACHE User Load (0.0ms)[0m  [1m[34mSELECT "users".* FROM "users" WHERE "users"."id" = ? LIMIT ?[0m  [["id", 7], ["LIMIT", 1]]
  ↳ app/views/dogs/index.html.erb:5
  Rendered dogs/index.html.erb within layouts/application (Duration: 13.4ms | Allocations: 3212)
[Webpacker] Everything's up-to-date. Nothing to do
Completed 200 OK in 19ms (Views: 18.5ms | ActiveRecord: 0.4ms | Allocations: 7156)


Started GET "/login" for ::1 at 2019-11-12 15:50:06 -0500
Processing by SessionsController#new as HTML
  Rendering sessions/new.html.erb within layouts/application
  Rendered sessions/new.html.erb within layouts/application (Duration: 0.5ms | Allocations: 305)
[Webpacker] Everything's up-to-date. Nothing to do
Completed 200 OK in 9ms (Views: 8.1ms | ActiveRecord: 0.0ms | Allocations: 4353)


Started POST "/sessions" for ::1 at 2019-11-12 15:50:12 -0500
Processing by SessionsController#create as HTML
  Parameters: {"authenticity_token"=>"mBJVqVrLq7kXHkAaMilWPjfYU588JVKVYinN/j+3YOYFatqbBFB6EYZdCB3Rr0OOJNHswfaaisChFb1HpXsG5A==", "username"=>"Steven", "password"=>"[FILTERED]", "commit"=>"Sign In"}
  [1m[36mUser Load (0.3ms)[0m  [1m[34mSELECT "users".* FROM "users" WHERE "users"."username" = ? LIMIT ?[0m  [["username", "Steven"], ["LIMIT", 1]]
  ↳ app/controllers/sessions_controller.rb:6:in `create'
Redirected to http://localhost:3000/users/6
Completed 302 Found in 202ms (ActiveRecord: 0.3ms | Allocations: 994)


Started GET "/users/6" for ::1 at 2019-11-12 15:50:12 -0500
Processing by UsersController#show as HTML
  Parameters: {"id"=>"6"}
  [1m[36mUser Load (0.1ms)[0m  [1m[34mSELECT "users".* FROM "users" WHERE "users"."id" = ? LIMIT ?[0m  [["id", 6], ["LIMIT", 1]]
  ↳ app/controllers/users_controller.rb:7:in `show'
  Rendering users/show.html.erb within layouts/application
  Rendered users/show.html.erb within layouts/application (Duration: 0.0ms | Allocations: 7)
[Webpacker] Everything's up-to-date. Nothing to do
Completed 200 OK in 8ms (Views: 6.2ms | ActiveRecord: 0.1ms | Allocations: 4703)


Started GET "/dogs" for ::1 at 2019-11-12 15:50:16 -0500
Processing by DogsController#index as HTML
  [1m[36mUser Load (0.1ms)[0m  [1m[34mSELECT "users".* FROM "users" WHERE "users"."id" = ? LIMIT ?[0m  [["id", 6], ["LIMIT", 1]]
  ↳ app/controllers/application_controller.rb:4:in `current_user'
  [1m[36mCACHE User Load (0.1ms)[0m  [1m[34mSELECT "users".* FROM "users" WHERE "users"."id" = ? LIMIT ?[0m  [["id", 6], ["LIMIT", 1]]
  ↳ app/controllers/application_controller.rb:4:in `current_user'
  Rendering dogs/index.html.erb within layouts/application
  [1m[36mDog Load (1.1ms)[0m  [1m[34mSELECT "dogs".* FROM "dogs" WHERE "dogs"."user_id" = ?[0m  [["user_id", 6]]
  ↳ app/views/dogs/index.html.erb:4
  Rendered dogs/index.html.erb within layouts/application (Duration: 3.2ms | Allocations: 848)
[Webpacker] Everything's up-to-date. Nothing to do
Completed 200 OK in 24ms (Views: 15.2ms | ActiveRecord: 1.3ms | Allocations: 6076)


Started GET "/dogs" for ::1 at 2019-11-12 15:55:12 -0500
  [1m[35m (0.1ms)[0m  [1m[34mSELECT sqlite_version(*)[0m
Processing by DogsController#index as HTML
  [1m[36mUser Load (0.1ms)[0m  [1m[34mSELECT "users".* FROM "users" WHERE "users"."id" = ? LIMIT ?[0m  [["id", 6], ["LIMIT", 1]]
  ↳ app/controllers/application_controller.rb:4:in `current_user'
  [1m[36mCACHE User Load (0.0ms)[0m  [1m[34mSELECT "users".* FROM "users" WHERE "users"."id" = ? LIMIT ?[0m  [["id", 6], ["LIMIT", 1]]
  ↳ app/controllers/application_controller.rb:4:in `current_user'
  Rendering dogs/index.html.erb within layouts/application
  [1m[36mDog Load (0.1ms)[0m  [1m[34mSELECT "dogs".* FROM "dogs" WHERE "dogs"."user_id" = ?[0m  [["user_id", 6]]
  ↳ app/views/dogs/index.html.erb:4
  Rendered dogs/index.html.erb within layouts/application (Duration: 5.7ms | Allocations: 4439)
[Webpacker] Everything's up-to-date. Nothing to do
Completed 200 OK in 20ms (Views: 11.2ms | ActiveRecord: 1.0ms | Allocations: 14622)


Started GET "/dogs" for ::1 at 2019-11-12 15:55:18 -0500
Processing by DogsController#index as HTML
  [1m[36mUser Load (0.2ms)[0m  [1m[34mSELECT "users".* FROM "users" WHERE "users"."id" = ? LIMIT ?[0m  [["id", 6], ["LIMIT", 1]]
  ↳ app/controllers/application_controller.rb:4:in `current_user'
  [1m[36mCACHE User Load (0.0ms)[0m  [1m[34mSELECT "users".* FROM "users" WHERE "users"."id" = ? LIMIT ?[0m  [["id", 6], ["LIMIT", 1]]
  ↳ app/controllers/application_controller.rb:4:in `current_user'
  Rendering dogs/index.html.erb within layouts/application
  [1m[36mDog Load (0.1ms)[0m  [1m[34mSELECT "dogs".* FROM "dogs" WHERE "dogs"."user_id" = ?[0m  [["user_id", 6]]
  ↳ app/views/dogs/index.html.erb:4
  Rendered dogs/index.html.erb within layouts/application (Duration: 1.9ms | Allocations: 685)
[Webpacker] Everything's up-to-date. Nothing to do
Completed 200 OK in 12ms (Views: 9.0ms | ActiveRecord: 0.4ms | Allocations: 5569)


Started GET "/signup" for ::1 at 2019-11-12 15:58:35 -0500
  [1m[35m (0.1ms)[0m  [1m[34mSELECT sqlite_version(*)[0m
  
ActionController::RoutingError (No route matches [GET] "/signup"):
  
actionpack (6.0.1) lib/action_dispatch/middleware/debug_exceptions.rb:36:in `call'
web-console (4.0.1) lib/web_console/middleware.rb:132:in `call_app'
web-console (4.0.1) lib/web_console/middleware.rb:28:in `block in call'
web-console (4.0.1) lib/web_console/middleware.rb:17:in `catch'
web-console (4.0.1) lib/web_console/middleware.rb:17:in `call'
actionpack (6.0.1) lib/action_dispatch/middleware/show_exceptions.rb:33:in `call'
railties (6.0.1) lib/rails/rack/logger.rb:38:in `call_app'
railties (6.0.1) lib/rails/rack/logger.rb:26:in `block in call'
activesupport (6.0.1) lib/active_support/tagged_logging.rb:80:in `block in tagged'
activesupport (6.0.1) lib/active_support/tagged_logging.rb:28:in `tagged'
activesupport (6.0.1) lib/active_support/tagged_logging.rb:80:in `tagged'
railties (6.0.1) lib/rails/rack/logger.rb:26:in `call'
sprockets-rails (3.2.1) lib/sprockets/rails/quiet_assets.rb:13:in `call'
actionpack (6.0.1) lib/action_dispatch/middleware/remote_ip.rb:81:in `call'
actionpack (6.0.1) lib/action_dispatch/middleware/request_id.rb:27:in `call'
rack (2.0.7) lib/rack/method_override.rb:22:in `call'
rack (2.0.7) lib/rack/runtime.rb:22:in `call'
activesupport (6.0.1) lib/active_support/cache/strategy/local_cache_middleware.rb:29:in `call'
actionpack (6.0.1) lib/action_dispatch/middleware/executor.rb:14:in `call'
actionpack (6.0.1) lib/action_dispatch/middleware/static.rb:126:in `call'
rack (2.0.7) lib/rack/sendfile.rb:111:in `call'
actionpack (6.0.1) lib/action_dispatch/middleware/host_authorization.rb:83:in `call'
webpacker (4.2.0) lib/webpacker/dev_server_proxy.rb:23:in `perform_request'
rack-proxy (0.6.5) lib/rack/proxy.rb:57:in `call'
railties (6.0.1) lib/rails/engine.rb:526:in `call'
puma (4.3.0) lib/puma/configuration.rb:228:in `call'
puma (4.3.0) lib/puma/server.rb:667:in `handle_request'
puma (4.3.0) lib/puma/server.rb:470:in `process_client'
puma (4.3.0) lib/puma/server.rb:328:in `block in run'
puma (4.3.0) lib/puma/thread_pool.rb:134:in `block in spawn_thread'
Started GET "/secret_dogs" for ::1 at 2019-11-12 15:58:37 -0500
Processing by DogsController#secret as HTML
  Rendering dogs/index.html.erb within layouts/application
  [1m[36mDog Load (0.2ms)[0m  [1m[34mSELECT "dogs".* FROM "dogs"[0m
  ↳ app/views/dogs/index.html.erb:4
  [1m[36mUser Load (0.1ms)[0m  [1m[34mSELECT "users".* FROM "users" WHERE "users"."id" = ? LIMIT ?[0m  [["id", 6], ["LIMIT", 1]]
  ↳ app/views/dogs/index.html.erb:5
  [1m[36mCACHE User Load (0.0ms)[0m  [1m[34mSELECT "users".* FROM "users" WHERE "users"."id" = ? LIMIT ?[0m  [["id", 6], ["LIMIT", 1]]
  ↳ app/views/dogs/index.html.erb:5
  [1m[36mUser Load (0.1ms)[0m  [1m[34mSELECT "users".* FROM "users" WHERE "users"."id" = ? LIMIT ?[0m  [["id", 7], ["LIMIT", 1]]
  ↳ app/views/dogs/index.html.erb:5
  [1m[36mCACHE User Load (0.0ms)[0m  [1m[34mSELECT "users".* FROM "users" WHERE "users"."id" = ? LIMIT ?[0m  [["id", 7], ["LIMIT", 1]]
  ↳ app/views/dogs/index.html.erb:5
  Rendered dogs/index.html.erb within layouts/application (Duration: 15.3ms | Allocations: 11125)
[Webpacker] Everything's up-to-date. Nothing to do
Completed 200 OK in 24ms (Views: 20.2ms | ActiveRecord: 1.9ms | Allocations: 15657)


Started GET "/secret_dogs" for ::1 at 2019-11-12 16:01:04 -0500
  [1m[35m (0.1ms)[0m  [1m[34mSELECT sqlite_version(*)[0m
Processing by DogsController#secret as HTML
  [1m[36mUser Load (0.2ms)[0m  [1m[34mSELECT "users".* FROM "users" WHERE "users"."id" = ? LIMIT ?[0m  [["id", 6], ["LIMIT", 1]]
  ↳ app/controllers/application_controller.rb:4:in `current_user'
  Rendering dogs/index.html.erb within layouts/application
  [1m[36mDog Load (0.1ms)[0m  [1m[34mSELECT "dogs".* FROM "dogs"[0m
  ↳ app/views/dogs/index.html.erb:4
  [1m[36mCACHE User Load (0.0ms)[0m  [1m[34mSELECT "users".* FROM "users" WHERE "users"."id" = ? LIMIT ?[0m  [["id", 6], ["LIMIT", 1]]
  ↳ app/views/dogs/index.html.erb:5
  [1m[36mCACHE User Load (0.0ms)[0m  [1m[34mSELECT "users".* FROM "users" WHERE "users"."id" = ? LIMIT ?[0m  [["id", 6], ["LIMIT", 1]]
  ↳ app/views/dogs/index.html.erb:5
  [1m[36mUser Load (0.1ms)[0m  [1m[34mSELECT "users".* FROM "users" WHERE "users"."id" = ? LIMIT ?[0m  [["id", 7], ["LIMIT", 1]]
  ↳ app/views/dogs/index.html.erb:5
  [1m[36mCACHE User Load (0.0ms)[0m  [1m[34mSELECT "users".* FROM "users" WHERE "users"."id" = ? LIMIT ?[0m  [["id", 7], ["LIMIT", 1]]
  ↳ app/views/dogs/index.html.erb:5
  Rendered dogs/index.html.erb within layouts/application (Duration: 9.1ms | Allocations: 6851)
[Webpacker] Everything's up-to-date. Nothing to do
Completed 200 OK in 29ms (Views: 14.6ms | ActiveRecord: 1.5ms | Allocations: 16233)


Started GET "/secret_dogs" for ::1 at 2019-11-12 16:01:18 -0500
Processing by DogsController#secret as HTML
Redirected to http://localhost:3000/login
Filter chain halted as :authorized rendered or redirected
Completed 302 Found in 1ms (ActiveRecord: 0.0ms | Allocations: 223)


Started GET "/login" for ::1 at 2019-11-12 16:01:18 -0500
Processing by SessionsController#new as HTML
  Rendering sessions/new.html.erb within layouts/application
  Rendered sessions/new.html.erb within layouts/application (Duration: 0.6ms | Allocations: 316)
[Webpacker] Everything's up-to-date. Nothing to do
Completed 200 OK in 9ms (Views: 8.3ms | ActiveRecord: 0.0ms | Allocations: 4272)


Started GET "/login" for ::1 at 2019-11-12 16:13:03 -0500
  [1m[35m (0.1ms)[0m  [1m[34mSELECT sqlite_version(*)[0m
Processing by SessionsController#new as HTML
  Rendering sessions/new.html.erb within layouts/application
  Rendered sessions/new.html.erb within layouts/application (Duration: 1.0ms | Allocations: 596)
[Webpacker] Everything's up-to-date. Nothing to do
Completed 500 Internal Server Error in 151ms (ActiveRecord: 0.0ms | Allocations: 80265)


  
ActionView::Template::Error (undefined method `logged_in?' for #<#<Class:0x00007feac52ded28>:0x00007feac53a1a80>
Did you mean?  logger?):
    10:   </head>
    11: 
    12:   <body>
    13:     <% if logged_in? %>
    14:       <%= link_to "Logout", sessions_path, method: :delete %>
    15:     <% else %>
    16:       <%= link_to "Login", login_path %>
  
app/views/layouts/application.html.erb:13
Started GET "/login" for ::1 at 2019-11-12 16:13:45 -0500
  [1m[35m (0.1ms)[0m  [1m[34mSELECT sqlite_version(*)[0m
Processing by SessionsController#new as HTML
  Rendering sessions/new.html.erb within layouts/application
  Rendered sessions/new.html.erb within layouts/application (Duration: 0.5ms | Allocations: 305)
[Webpacker] Everything's up-to-date. Nothing to do
Completed 200 OK in 7ms (Views: 6.1ms | ActiveRecord: 0.0ms | Allocations: 4386)


Started POST "/sessions" for ::1 at 2019-11-12 16:13:54 -0500
Processing by SessionsController#create as HTML
  Parameters: {"authenticity_token"=>"NMbjt7yPWugQnJbn1URE0UCtklfdSRmur0VxyzqGIJbGd9b22pZ6y9fjJ14jcDf25nh7FlwgN8f0AJpJPi/BCg==", "username"=>"Ken", "password"=>"[FILTERED]", "commit"=>"Sign In"}
  [1m[36mUser Load (0.2ms)[0m  [1m[34mSELECT "users".* FROM "users" WHERE "users"."username" = ? LIMIT ?[0m  [["username", "Ken"], ["LIMIT", 1]]
  ↳ app/controllers/sessions_controller.rb:6:in `create'
Redirected to http://localhost:3000/users/7
Completed 302 Found in 208ms (ActiveRecord: 1.2ms | Allocations: 5327)


Started GET "/users/7" for ::1 at 2019-11-12 16:13:55 -0500
Processing by UsersController#show as HTML
  Parameters: {"id"=>"7"}
  [1m[36mUser Load (0.1ms)[0m  [1m[34mSELECT "users".* FROM "users" WHERE "users"."id" = ? LIMIT ?[0m  [["id", 7], ["LIMIT", 1]]
  ↳ app/controllers/users_controller.rb:7:in `show'
  Rendering users/show.html.erb within layouts/application
  Rendered users/show.html.erb within layouts/application (Duration: 0.3ms | Allocations: 109)
[Webpacker] Everything's up-to-date. Nothing to do
  [1m[36mUser Load (0.2ms)[0m  [1m[34mSELECT "users".* FROM "users" WHERE "users"."id" = ? LIMIT ?[0m  [["id", 7], ["LIMIT", 1]]
  ↳ app/controllers/application_controller.rb:6:in `current_user'
Completed 200 OK in 10ms (Views: 7.5ms | ActiveRecord: 0.3ms | Allocations: 5830)


Started GET "/dogs" for ::1 at 2019-11-12 16:14:03 -0500
Processing by DogsController#index as HTML
  [1m[36mUser Load (0.2ms)[0m  [1m[34mSELECT "users".* FROM "users" WHERE "users"."id" = ? LIMIT ?[0m  [["id", 7], ["LIMIT", 1]]
  ↳ app/controllers/application_controller.rb:6:in `current_user'
  [1m[36mCACHE User Load (0.0ms)[0m  [1m[34mSELECT "users".* FROM "users" WHERE "users"."id" = ? LIMIT ?[0m  [["id", 7], ["LIMIT", 1]]
  ↳ app/controllers/application_controller.rb:6:in `current_user'
  Rendering dogs/index.html.erb within layouts/application
  [1m[36mDog Load (0.1ms)[0m  [1m[34mSELECT "dogs".* FROM "dogs" WHERE "dogs"."user_id" = ?[0m  [["user_id", 7]]
  ↳ app/views/dogs/index.html.erb:4
  Rendered dogs/index.html.erb within layouts/application (Duration: 5.5ms | Allocations: 4603)
[Webpacker] Everything's up-to-date. Nothing to do
  [1m[36mCACHE User Load (0.0ms)[0m  [1m[34mSELECT "users".* FROM "users" WHERE "users"."id" = ? LIMIT ?[0m  [["id", 7], ["LIMIT", 1]]
  ↳ app/controllers/application_controller.rb:6:in `current_user'
Completed 200 OK in 20ms (Views: 13.4ms | ActiveRecord: 0.8ms | Allocations: 11396)


Started GET "/secret_dogs" for ::1 at 2019-11-12 16:14:11 -0500
Processing by DogsController#secret as HTML
  [1m[36mUser Load (0.2ms)[0m  [1m[34mSELECT "users".* FROM "users" WHERE "users"."id" = ? LIMIT ?[0m  [["id", 7], ["LIMIT", 1]]
  ↳ app/controllers/application_controller.rb:6:in `current_user'
  Rendering dogs/index.html.erb within layouts/application
  [1m[36mDog Load (0.3ms)[0m  [1m[34mSELECT "dogs".* FROM "dogs"[0m
  ↳ app/views/dogs/index.html.erb:4
  [1m[36mUser Load (0.2ms)[0m  [1m[34mSELECT "users".* FROM "users" WHERE "users"."id" = ? LIMIT ?[0m  [["id", 6], ["LIMIT", 1]]
  ↳ app/views/dogs/index.html.erb:5
  [1m[36mCACHE User Load (0.0ms)[0m  [1m[34mSELECT "users".* FROM "users" WHERE "users"."id" = ? LIMIT ?[0m  [["id", 6], ["LIMIT", 1]]
  ↳ app/views/dogs/index.html.erb:5
  [1m[36mCACHE User Load (0.0ms)[0m  [1m[34mSELECT "users".* FROM "users" WHERE "users"."id" = ? LIMIT ?[0m  [["id", 7], ["LIMIT", 1]]
  ↳ app/views/dogs/index.html.erb:5
  [1m[36mCACHE User Load (0.0ms)[0m  [1m[34mSELECT "users".* FROM "users" WHERE "users"."id" = ? LIMIT ?[0m  [["id", 7], ["LIMIT", 1]]
  ↳ app/views/dogs/index.html.erb:5
  Rendered dogs/index.html.erb within layouts/application (Duration: 7.8ms | Allocations: 3311)
[Webpacker] Everything's up-to-date. Nothing to do
  [1m[36mCACHE User Load (0.0ms)[0m  [1m[34mSELECT "users".* FROM "users" WHERE "users"."id" = ? LIMIT ?[0m  [["id", 7], ["LIMIT", 1]]
  ↳ app/controllers/application_controller.rb:6:in `current_user'
Completed 200 OK in 17ms (Views: 14.4ms | ActiveRecord: 0.8ms | Allocations: 8252)


Started GET "/secret_dogs" for ::1 at 2019-11-12 16:14:36 -0500
Processing by DogsController#secret as HTML
  [1m[36mUser Load (0.2ms)[0m  [1m[34mSELECT "users".* FROM "users" WHERE "users"."id" = ? LIMIT ?[0m  [["id", 7], ["LIMIT", 1]]
  ↳ app/controllers/application_controller.rb:6:in `current_user'
  Rendering dogs/index.html.erb within layouts/application
  [1m[36mDog Load (0.2ms)[0m  [1m[34mSELECT "dogs".* FROM "dogs"[0m
  ↳ app/views/dogs/index.html.erb:4
  [1m[36mUser Load (0.2ms)[0m  [1m[34mSELECT "users".* FROM "users" WHERE "users"."id" = ? LIMIT ?[0m  [["id", 6], ["LIMIT", 1]]
  ↳ app/views/dogs/index.html.erb:5
  [1m[36mCACHE User Load (0.0ms)[0m  [1m[34mSELECT "users".* FROM "users" WHERE "users"."id" = ? LIMIT ?[0m  [["id", 6], ["LIMIT", 1]]
  ↳ app/views/dogs/index.html.erb:5
  [1m[36mCACHE User Load (0.0ms)[0m  [1m[34mSELECT "users".* FROM "users" WHERE "users"."id" = ? LIMIT ?[0m  [["id", 7], ["LIMIT", 1]]
  ↳ app/views/dogs/index.html.erb:5
  [1m[36mCACHE User Load (0.0ms)[0m  [1m[34mSELECT "users".* FROM "users" WHERE "users"."id" = ? LIMIT ?[0m  [["id", 7], ["LIMIT", 1]]
  ↳ app/views/dogs/index.html.erb:5
  Rendered dogs/index.html.erb within layouts/application (Duration: 21.4ms | Allocations: 3147)
[Webpacker] Everything's up-to-date. Nothing to do
  [1m[36mCACHE User Load (0.0ms)[0m  [1m[34mSELECT "users".* FROM "users" WHERE "users"."id" = ? LIMIT ?[0m  [["id", 7], ["LIMIT", 1]]
  ↳ app/controllers/application_controller.rb:6:in `current_user'
Completed 200 OK in 33ms (Views: 29.8ms | ActiveRecord: 0.7ms | Allocations: 8095)


Started DELETE "/sessions" for ::1 at 2019-11-12 16:14:46 -0500
Processing by SessionsController#destroy as HTML
  Parameters: {"authenticity_token"=>"kCG0ix6oJf28XAssazjRbxVZX7XZJ1yCvcXa0jJB5rhikIHKeLEF3nsjupWdDKJIs4y29FhOcuvmgDFQNugHJA=="}
Completed 500 Internal Server Error in 1ms (ActiveRecord: 0.0ms | Allocations: 616)


  
ArgumentError (missing keyword: fallback_location):
  
app/controllers/sessions_controller.rb:19:in `destroy'
Started GET "/secret_dogs" for ::1 at 2019-11-12 16:15:46 -0500
  [1m[35m (0.1ms)[0m  [1m[34mSELECT sqlite_version(*)[0m
Processing by DogsController#secret as HTML
  [1m[36mUser Load (0.2ms)[0m  [1m[34mSELECT "users".* FROM "users" WHERE "users"."id" = ? LIMIT ?[0m  [["id", 7], ["LIMIT", 1]]
  ↳ app/controllers/application_controller.rb:6:in `current_user'
  Rendering dogs/index.html.erb within layouts/application
  [1m[36mDog Load (0.1ms)[0m  [1m[34mSELECT "dogs".* FROM "dogs"[0m
  ↳ app/views/dogs/index.html.erb:4
  [1m[36mUser Load (0.1ms)[0m  [1m[34mSELECT "users".* FROM "users" WHERE "users"."id" = ? LIMIT ?[0m  [["id", 6], ["LIMIT", 1]]
  ↳ app/views/dogs/index.html.erb:5
  [1m[36mCACHE User Load (0.0ms)[0m  [1m[34mSELECT "users".* FROM "users" WHERE "users"."id" = ? LIMIT ?[0m  [["id", 6], ["LIMIT", 1]]
  ↳ app/views/dogs/index.html.erb:5
  [1m[36mCACHE User Load (0.0ms)[0m  [1m[34mSELECT "users".* FROM "users" WHERE "users"."id" = ? LIMIT ?[0m  [["id", 7], ["LIMIT", 1]]
  ↳ app/views/dogs/index.html.erb:5
  [1m[36mCACHE User Load (0.0ms)[0m  [1m[34mSELECT "users".* FROM "users" WHERE "users"."id" = ? LIMIT ?[0m  [["id", 7], ["LIMIT", 1]]
  ↳ app/views/dogs/index.html.erb:5
  Rendered dogs/index.html.erb within layouts/application (Duration: 7.4ms | Allocations: 6851)
[Webpacker] Everything's up-to-date. Nothing to do
  [1m[36mCACHE User Load (0.0ms)[0m  [1m[34mSELECT "users".* FROM "users" WHERE "users"."id" = ? LIMIT ?[0m  [["id", 7], ["LIMIT", 1]]
  ↳ app/controllers/application_controller.rb:6:in `current_user'
Completed 200 OK in 24ms (Views: 14.1ms | ActiveRecord: 1.5ms | Allocations: 16769)


Started DELETE "/sessions" for ::1 at 2019-11-12 16:15:49 -0500
Processing by SessionsController#destroy as HTML
  Parameters: {"authenticity_token"=>"/U7GMCnyUOGd6gEKRPFsWS8UNPiX3eCwHWLdC7FnjbYP//NxT+twwlqVsLOyxR9+icHduRa0ztlGJzaJtc5sKg=="}
Redirected to http://localhost:3000/secret_dogs
Completed 302 Found in 2ms (ActiveRecord: 0.0ms | Allocations: 336)


Started GET "/secret_dogs" for ::1 at 2019-11-12 16:15:49 -0500
Processing by DogsController#secret as HTML
Redirected to http://localhost:3000/login
Filter chain halted as :authorized rendered or redirected
Completed 302 Found in 1ms (ActiveRecord: 0.0ms | Allocations: 312)


Started GET "/login" for ::1 at 2019-11-12 16:15:49 -0500
Processing by SessionsController#new as HTML
  Rendering sessions/new.html.erb within layouts/application
  Rendered sessions/new.html.erb within layouts/application (Duration: 0.5ms | Allocations: 304)
[Webpacker] Everything's up-to-date. Nothing to do
Completed 200 OK in 8ms (Views: 7.0ms | ActiveRecord: 0.0ms | Allocations: 4416)


